19:42:56.531 [main                     ] DEBUG Logger               - Configured Logger
19:42:56.549 [main                     ] DEBUG GameApplication      - Logging settings
Title: GameProject
Version: Alfa 0.8
Width: 1920
Height: 1080
Fullscreen: true
Intro: false
Profiling: false
Single step:false
App Mode: DEVELOPER
Menu Key: ESCAPE
Stage Style: DECORATED
Scene Factory: class com.almasb.fxgl.app.scene.SceneFactory

19:42:56.839 [JavaFX Application Thread] DEBUG FXGLApplication      - Initializing FXGL
19:42:56.846 [JavaFX Application Thread] INFO  Engine               - FXGL-17 (31.12.2021 18.16) on WINDOWS (J:18.0.1.1 FX:18-ea)
19:42:56.847 [JavaFX Application Thread] DEBUG Engine               - JRE Vendor Name: Oracle Corporation
19:42:56.847 [JavaFX Application Thread] DEBUG Engine               - Running on OS: Windows 11 version 10.0
19:42:56.847 [JavaFX Application Thread] DEBUG Engine               - Architecture: amd64
19:42:56.847 [JavaFX Application Thread] INFO  Engine               - Source code and latest versions at: https://github.com/AlmasB/FXGL
19:42:56.847 [JavaFX Application Thread] INFO  Engine               -       Ask questions and discuss at: https://github.com/AlmasB/FXGL/discussions
19:42:56.848 [JavaFX Application Thread] INFO  Engine               -              Join the FXGL chat at: https://gitter.im/AlmasB/FXGL
19:42:56.915 [JavaFX Application Thread] DEBUG PrimaryStageWindow   - Creating a JavaFX scene
19:42:56.950 [JavaFX Application Thread] DEBUG PrimaryStageWindow   - Target settings size: 1920.0 x 1080.0
19:42:56.950 [JavaFX Application Thread] DEBUG PrimaryStageWindow   - Scaled scene size:    1920.0 x 1080.0
19:42:56.951 [JavaFX Application Thread] DEBUG PrimaryStageWindow   - Scaled ratio: (1.0, 1.0)
19:42:56.952 [JavaFX Application Thread] DEBUG PrimaryStageWindow   - Set initial scene to FXGLStartupScene
19:42:56.958 [JavaFX Application Thread] DEBUG PrimaryStageWindow   - Opening main window
19:42:57.014 [JavaFX Application Thread] DEBUG PrimaryStageWindow   - Window border size: (16.0, 39.0)
19:42:57.014 [JavaFX Application Thread] DEBUG PrimaryStageWindow   - Scaled size: 1920.0 x 1080.0
19:42:57.014 [JavaFX Application Thread] DEBUG PrimaryStageWindow   - Scaled ratio: (1.0, 1.0)
19:42:57.014 [JavaFX Application Thread] DEBUG PrimaryStageWindow   - Scene size: 1920.0 x 1080.0
19:42:57.014 [JavaFX Application Thread] DEBUG PrimaryStageWindow   - Stage size: 1936.0 x 1119.0
19:42:57.098 [JavaFX Application Thread] DEBUG PrimaryStageWindow   - Going fullscreen
19:42:57.107 [FXGL Background Thread 1 ] DEBUG Engine               - Initializing environment variables
19:42:57.162 [FXGL Background Thread 1 ] DEBUG FXGLAssetLoaderServi - User app class for loading assets: class com.gameproject.Main
19:42:57.163 [FXGL Background Thread 1 ] DEBUG GameApplicationServi - Applying CSS: fxgl_dark.css
19:42:57.164 [FXGL Background Thread 1 ] DEBUG FXGLAssetLoaderServi - Loading from file system: jar:file:///C:/Users/barto/.m2/repository/com/github/almasb/fxgl/17/fxgl-17.jar!/fxglassets/ui/css/fxgl_dark.css
19:42:57.213 [FXGL Background Thread 1 ] DEBUG GameApplicationServi - Initializing application scenes
19:42:57.257 [FXGL Background Thread 1 ] DEBUG GameWorld            - Game world initialized
19:42:57.325 [FXGL Background Thread 1 ] DEBUG PhysicsWorld         - Physics world initialized: appHeight=1080, physics.ppm=50,0
19:42:57.326 [FXGL Background Thread 1 ] DEBUG PhysicsWorld         - Using strategy: BRUTE_FORCE
19:42:57.330 [FXGL Background Thread 1 ] DEBUG GameScene            - Game scene initialized: 1920x1080
19:42:57.338 [FXGL Background Thread 1 ] DEBUG FXGL.DefaultMenu     - createMenuBodyGameMenu()
19:42:57.350 [FXGL Background Thread 1 ] DEBUG FXGL.DefaultMenu     - createOptionsMenu()
19:42:57.360 [FXGL Background Thread 1 ] DEBUG FXGLAssetLoaderServi - Loading from file system: jar:file:///C:/Users/barto/.m2/repository/com/github/almasb/fxgl/17/fxgl-17.jar!/fxglassets/textures/particles/smoke.png
19:42:57.440 [FXGL Background Thread 1 ] DEBUG FXGLAssetLoaderServi - Loading from file system: jar:file:///C:/Users/barto/.m2/repository/com/github/almasb/fxgl/17/fxgl-17.jar!/fxglassets/textures/particles/trace_horizontal.png
19:42:57.477 [FXGL Background Thread 1 ] DEBUG GameApplicationServi - Application scenes initialized
19:42:57.489 [FXGL Background Thread 1 ] DEBUG SystemBundleService  - Loading FXGL system data
19:42:57.493 [FXGL Background Thread 1 ] DEBUG FileSystemAccess     - Reading from: C:\Users\barto\IdeaProjects\IntroductionToFXGL-main\GameProject\system\fxgl.bundle
19:42:57.499 [FXGL Background Thread 1 ] DEBUG SystemBundleService  - Bundle FXGL: {}
19:42:57.500 [FXGL Background Thread 1 ] DEBUG UpdaterService       - Checking for updates
19:42:57.504 [FXGL Background Thread 4 ] DEBUG FXGLApplication      - Loading fonts
19:42:57.504 [FXGL Background Thread 1 ] DEBUG FXGLApplication      - Loading default localization
19:42:57.505 [FXGL Background Thread 4 ] DEBUG FXGLAssetLoaderServi - Loading from file system: jar:file:///C:/Users/barto/.m2/repository/com/github/almasb/fxgl/17/fxgl-17.jar!/fxglassets/ui/fonts/VarelaRound-Regular.ttf
19:42:57.505 [FXGL Background Thread 1 ] DEBUG FXGLAssetLoaderServi - Loading from file system: jar:file:///C:/Users/barto/.m2/repository/com/github/almasb/fxgl/17/fxgl-17.jar!/fxglassets/languages/english.lang
19:42:57.522 [FXGL Background Thread 1 ] INFO  FXGLApplication      - FXGL initialization took: 0,415 sec
19:42:57.532 [JavaFX Application Thread] DEBUG Input                - Registered new binding: Left - A
19:42:57.532 [JavaFX Application Thread] DEBUG Input                - Registered new binding: Right - D
19:42:57.533 [JavaFX Application Thread] DEBUG Input                - Registered new binding: Top - W
19:42:57.533 [JavaFX Application Thread] DEBUG Input                - Registered new binding: Bottom - S
19:42:57.533 [JavaFX Application Thread] DEBUG FXGLAssetLoaderServi - Loading from file system: jar:file:///C:/Users/barto/.m2/repository/com/github/almasb/fxgl/17/fxgl-17.jar!/fxglassets/textures/fxgl_icon.png
19:42:57.559 [JavaFX Application Thread] DEBUG FXGLAssetLoaderServi - Loading from file system: jar:file:///C:/Users/barto/.m2/repository/com/github/almasb/fxgl/17/fxgl-17.jar!/fxglassets/textures/fxgl_default_cursor.png
19:42:57.562 [JavaFX Application Thread] DEBUG Input                - Registered new binding: Screenshot - CTRL+8
19:42:57.563 [JavaFX Application Thread] DEBUG Input                - Registered new binding: System info dump - CTRL+9
19:42:57.564 [JavaFX Application Thread] DEBUG Input                - Registered new binding: Restart - CTRL+R
19:42:57.564 [JavaFX Application Thread] DEBUG Input                - Registered new binding: Toggle Debug Camera - CTRL+7
19:42:57.566 [JavaFX Application Thread] DEBUG LoopRunner           - Starting loop
19:42:57.566 [JavaFX Application Thread] DEBUG LoopRunner           - Initializing ScheduledExecutorLoop with fps: 60
19:42:57.568 [JavaFX Application Thread] DEBUG GameApplicationServi - Starting new game
19:42:57.569 [JavaFX Application Thread] DEBUG Input                - Clearing active input actions
19:42:57.582 [JavaFX Application Thread] DEBUG GameApplicationServi - Removing overlay from FXGLStartupScene and adding to FXGLLoadingScene
19:42:57.583 [JavaFX Application Thread] DEBUG PrimaryStageWindow   - FXGLStartupScene -> FXGLLoadingScene
19:42:57.583 [JavaFX Application Thread] DEBUG GameApplicationServi - Clearing previous game
19:42:57.583 [JavaFX Application Thread] DEBUG GameScene            - Clearing game scene
19:42:57.583 [JavaFX Application Thread] DEBUG GameWorld            - Clearing game world
19:42:57.583 [JavaFX Application Thread] DEBUG PhysicsWorld         - Clearing physics world
19:42:57.585 [FXGL Background Thread 1 ] DEBUG FXGLApplication      - Initializing game
19:42:57.608 [FXGL Background Thread 1 ] DEBUG FXGLAssetLoaderServi - Loading from file system: file:/C:/Users/barto/IdeaProjects/IntroductionToFXGL-main/GameProject/target/classes/assets/textures/Player1/Texture.png
19:42:57.609 [FXGL Background Thread 4 ] DEBUG FXGLAssetLoaderServi - Loading from file system: jar:file:///C:/Users/barto/.m2/repository/com/github/almasb/fxgl/17/fxgl-17.jar!/fxglassets/ui/fonts/Abel-Regular.ttf
19:42:57.612 [FXGL Background Thread 1 ] DEBUG FXGLAssetLoaderServi - Loading from file system: file:/C:/Users/barto/IdeaProjects/IntroductionToFXGL-main/GameProject/target/classes/assets/textures/Player1/TextureMove.png
19:42:57.617 [FXGL Background Thread 4 ] DEBUG FXGLAssetLoaderServi - Loading from file system: jar:file:///C:/Users/barto/.m2/repository/com/github/almasb/fxgl/17/fxgl-17.jar!/fxglassets/ui/fonts/TerminalLandMono-Regular.otf
19:42:57.622 [FXGL Background Thread 4 ] DEBUG FXGLAssetLoaderServi - Loading from file system: jar:file:///C:/Users/barto/.m2/repository/com/github/almasb/fxgl/17/fxgl-17.jar!/fxglassets/ui/fonts/Courier-Prime.ttf
19:42:57.628 [JavaFX Application Thread] DEBUG FXGLApplication      - Registering font factories with UI factory
19:42:57.650 [FXGL Background Thread 1 ] DEBUG FXGLAssetLoaderServi - Loading from file system: file:/C:/Users/barto/IdeaProjects/IntroductionToFXGL-main/GameProject/target/classes/assets/textures/Terrain.png
19:42:57.755 [FXGL Background Thread 1 ] DEBUG FXGLAssetLoaderServi - Loading from file system: file:/C:/Users/barto/IdeaProjects/IntroductionToFXGL-main/GameProject/target/classes/assets/textures/Chest.png
19:42:57.839 [FXGL Background Thread 1 ] DEBUG FXGLAssetLoaderServi - Loading from file system: file:/C:/Users/barto/IdeaProjects/IntroductionToFXGL-main/GameProject/target/classes/assets/textures/Items/Item1Texture.png
19:42:57.841 [FXGL Background Thread 1 ] DEBUG FXGLAssetLoaderServi - Loading from file system: file:/C:/Users/barto/IdeaProjects/IntroductionToFXGL-main/GameProject/target/classes/assets/textures/Items/Item2Texture.png
19:42:57.843 [FXGL Background Thread 1 ] DEBUG FXGLAssetLoaderServi - Loading from file system: file:/C:/Users/barto/IdeaProjects/IntroductionToFXGL-main/GameProject/target/classes/assets/textures/Items/Item3Texture.png
19:42:57.860 [FXGL Background Thread 1 ] INFO  FXGLApplication      - Game initialization took: 0,275 sec
19:42:57.861 [JavaFX Application Thread] DEBUG Input                - Clearing active input actions
19:42:57.926 [JavaFX Application Thread] DEBUG GameApplicationServi - Removing overlay from FXGLLoadingScene and adding to GameScene
19:42:57.926 [JavaFX Application Thread] DEBUG PrimaryStageWindow   - FXGLLoadingScene -> GameScene
19:42:58.090 [JavaFX Application Thread] DEBUG FXGLAssetLoaderServi - Loading from file system: file:/C:/Users/barto/IdeaProjects/IntroductionToFXGL-main/GameProject/target/classes/assets/textures/Attack.png
19:42:58.449 [FXGL Background Thread 2 ] INFO  UpdaterService       - Your current version:  17
19:42:58.449 [FXGL Background Thread 2 ] INFO  UpdaterService       - Latest stable version: 17.1
19:43:00.503 [FXGL Background Thread 3 ] DEBUG Engine               - Logging environment variables
19:43:00.503 [FXGL Background Thread 3 ] DEBUG Engine               - achievements: []
19:43:00.504 [FXGL Background Thread 3 ] DEBUG Engine               - actualHeight: 1080.0
19:43:00.504 [FXGL Background Thread 3 ] DEBUG Engine               - actualHeightProperty: ReadOnlyDoubleProperty [value: 1080.0]
19:43:00.505 [FXGL Background Thread 3 ] DEBUG Engine               - actualWidth: 1920.0
19:43:00.505 [FXGL Background Thread 3 ] DEBUG Engine               - actualWidthProperty: ReadOnlyDoubleProperty [value: 1920.0]
19:43:00.505 [FXGL Background Thread 3 ] DEBUG Engine               - appIcon: fxgl_icon.png
19:43:00.505 [FXGL Background Thread 3 ] DEBUG Engine               - applicationMode: DEVELOPER
19:43:00.505 [FXGL Background Thread 3 ] DEBUG Engine               - cSSList: [fxgl_dark.css]
19:43:00.505 [FXGL Background Thread 3 ] DEBUG Engine               - collisionDetectionStrategy: BRUTE_FORCE
19:43:00.505 [FXGL Background Thread 3 ] DEBUG Engine               - configClass: Optional[class com.gameproject.config.GameConfig]
19:43:00.506 [FXGL Background Thread 3 ] DEBUG Engine               - credits: []
19:43:00.507 [FXGL Background Thread 3 ] DEBUG Engine               - defaultCursor: CursorInfo(imageName=fxgl_default_cursor.png, hotspotX=7.0, hotspotY=6.0)
19:43:00.507 [FXGL Background Thread 3 ] DEBUG Engine               - devBBoxColorProperty: ObjectProperty [value: 0xff0000ff]
19:43:00.507 [FXGL Background Thread 3 ] DEBUG Engine               - devEnableDebugCameraProperty: BooleanProperty [value: false]
19:43:00.507 [FXGL Background Thread 3 ] DEBUG Engine               - devSensorColorProperty: ObjectProperty [value: 0xffff00ff]
19:43:00.507 [FXGL Background Thread 3 ] DEBUG Engine               - devShowBBoxProperty: BooleanProperty [value: false]
19:43:00.507 [FXGL Background Thread 3 ] DEBUG Engine               - devShowPositionProperty: BooleanProperty [value: false]
19:43:00.507 [FXGL Background Thread 3 ] DEBUG Engine               - enabledMenuItems: []
19:43:00.507 [FXGL Background Thread 3 ] DEBUG Engine               - engineServices: [class com.almasb.fxgl.app.services.FXGLAssetLoaderService, class com.almasb.fxgl.app.FXGLApplication$GameApplicationService, class com.almasb.fxgl.app.services.FXGLDialogService, class com.almasb.fxgl.app.services.IOTaskExecutorService, class com.almasb.fxgl.io.FileSystemService, class com.almasb.fxgl.localization.LocalizationService, class com.almasb.fxgl.app.services.SystemBundleService, class com.almasb.fxgl.profile.SaveLoadService, class com.almasb.fxgl.ui.FXGLUIFactoryServiceProvider, class com.almasb.fxgl.ui.FXGLDialogFactoryServiceProvider, class com.almasb.fxgl.audio.AudioPlayer, class com.almasb.fxgl.notification.impl.NotificationServiceProvider, class com.almasb.fxgl.achievement.AchievementService, class com.almasb.fxgl.cutscene.CutsceneService, class com.almasb.fxgl.minigames.MiniGameService, class com.almasb.fxgl.net.NetService, class com.almasb.fxgl.app.services.UpdaterService, class com.almasb.fxgl.dev.DevService]
19:43:00.507 [FXGL Background Thread 3 ] DEBUG Engine               - fontGame: Abel-Regular.ttf
19:43:00.507 [FXGL Background Thread 3 ] DEBUG Engine               - fontMono: TerminalLandMono-Regular.otf
19:43:00.507 [FXGL Background Thread 3 ] DEBUG Engine               - fontText: Courier-Prime.ttf
19:43:00.507 [FXGL Background Thread 3 ] DEBUG Engine               - fontUI: VarelaRound-Regular.ttf
19:43:00.507 [FXGL Background Thread 3 ] DEBUG Engine               - fullScreen: BooleanProperty [value: true]
19:43:00.508 [FXGL Background Thread 3 ] DEBUG Engine               - gameDifficulty: MEDIUM
19:43:00.508 [FXGL Background Thread 3 ] DEBUG Engine               - gameDifficultyProperty: ObjectProperty [value: MEDIUM]
19:43:00.508 [FXGL Background Thread 3 ] DEBUG Engine               - globalMusicVolume: 0.5
19:43:00.508 [FXGL Background Thread 3 ] DEBUG Engine               - globalMusicVolumeProperty: DoubleProperty [value: 0.5]
19:43:00.508 [FXGL Background Thread 3 ] DEBUG Engine               - globalSoundVolume: 0.5
19:43:00.508 [FXGL Background Thread 3 ] DEBUG Engine               - globalSoundVolumeProperty: DoubleProperty [value: 0.5]
19:43:00.508 [FXGL Background Thread 3 ] DEBUG Engine               - height: 1080
19:43:00.508 [FXGL Background Thread 3 ] DEBUG Engine               - is3D: false
19:43:00.508 [FXGL Background Thread 3 ] DEBUG Engine               - isAndroid: false
19:43:00.508 [FXGL Background Thread 3 ] DEBUG Engine               - isBrowser: false
19:43:00.508 [FXGL Background Thread 3 ] DEBUG Engine               - isClickFeedbackEnabled: false
19:43:00.508 [FXGL Background Thread 3 ] DEBUG Engine               - isCloseConfirmation: false
19:43:00.508 [FXGL Background Thread 3 ] DEBUG Engine               - isDesktop: true
19:43:00.508 [FXGL Background Thread 3 ] DEBUG Engine               - isDeveloperMenuEnabled: false
19:43:00.508 [FXGL Background Thread 3 ] DEBUG Engine               - isEmbedded: false
19:43:00.508 [FXGL Background Thread 3 ] DEBUG Engine               - isEntityPreloadEnabled: true
19:43:00.508 [FXGL Background Thread 3 ] DEBUG Engine               - isExperimentalTiledLargeMap: false
19:43:00.508 [FXGL Background Thread 3 ] DEBUG Engine               - isFileSystemWriteAllowed: true
19:43:00.508 [FXGL Background Thread 3 ] DEBUG Engine               - isFullScreenAllowed: true
19:43:00.508 [FXGL Background Thread 3 ] DEBUG Engine               - isFullScreenFromStart: true
19:43:00.508 [FXGL Background Thread 3 ] DEBUG Engine               - isGameMenuEnabled: true
19:43:00.508 [FXGL Background Thread 3 ] DEBUG Engine               - isIOS: false
19:43:00.509 [FXGL Background Thread 3 ] DEBUG Engine               - isIntroEnabled: false
19:43:00.509 [FXGL Background Thread 3 ] DEBUG Engine               - isLinux: false
19:43:00.509 [FXGL Background Thread 3 ] DEBUG Engine               - isMac: false
19:43:00.509 [FXGL Background Thread 3 ] DEBUG Engine               - isMainMenuEnabled: false
19:43:00.509 [FXGL Background Thread 3 ] DEBUG Engine               - isManualResizeEnabled: false
19:43:00.509 [FXGL Background Thread 3 ] DEBUG Engine               - isMobile: false
19:43:00.509 [FXGL Background Thread 3 ] DEBUG Engine               - isNative: false
19:43:00.509 [FXGL Background Thread 3 ] DEBUG Engine               - isPauseMusicWhenMinimized: true
19:43:00.509 [FXGL Background Thread 3 ] DEBUG Engine               - isPreserveResizeRatio: false
19:43:00.509 [FXGL Background Thread 3 ] DEBUG Engine               - isProfilingEnabled: false
19:43:00.509 [FXGL Background Thread 3 ] DEBUG Engine               - isScaleAffectedOnResize: true
19:43:00.509 [FXGL Background Thread 3 ] DEBUG Engine               - isSingleStep: false
19:43:00.509 [FXGL Background Thread 3 ] DEBUG Engine               - isUserProfileEnabled: false
19:43:00.509 [FXGL Background Thread 3 ] DEBUG Engine               - isWindows: true
19:43:00.509 [FXGL Background Thread 3 ] DEBUG Engine               - language: ObjectProperty [value: ENGLISH]
19:43:00.509 [FXGL Background Thread 3 ] DEBUG Engine               - menuKey: ESCAPE
19:43:00.509 [FXGL Background Thread 3 ] DEBUG Engine               - mouseSensitivity: 0.2
19:43:00.509 [FXGL Background Thread 3 ] DEBUG Engine               - notificationViewClass: class com.almasb.fxgl.notification.view.XboxNotificationView
19:43:00.509 [FXGL Background Thread 3 ] DEBUG Engine               - pixelsPerMeter: 50.0
19:43:00.509 [FXGL Background Thread 3 ] DEBUG Engine               - platform: WINDOWS
19:43:00.509 [FXGL Background Thread 3 ] DEBUG Engine               - prefHeightProperty: ReadOnlyDoubleProperty [value: 1080.0]
19:43:00.509 [FXGL Background Thread 3 ] DEBUG Engine               - prefWidthProperty: ReadOnlyDoubleProperty [value: 1920.0]
19:43:00.509 [FXGL Background Thread 3 ] DEBUG Engine               - profileDir: profiles/
19:43:00.509 [FXGL Background Thread 3 ] DEBUG Engine               - profileName: StringProperty [value: DEFAULT]
19:43:00.510 [FXGL Background Thread 3 ] DEBUG Engine               - randomSeed: -1
19:43:00.510 [FXGL Background Thread 3 ] DEBUG Engine               - runtimeInfo: RuntimeInfo(platform=WINDOWS, version=17, build=31.12.2021 18.16)
19:43:00.510 [FXGL Background Thread 3 ] DEBUG Engine               - saveFileExt: sav
19:43:00.510 [FXGL Background Thread 3 ] DEBUG Engine               - scaledHeightProp$fxgl: DoubleProperty [bound, value: 1080.0]
19:43:00.510 [FXGL Background Thread 3 ] DEBUG Engine               - scaledWidthProp$fxgl: DoubleProperty [bound, value: 1920.0]
19:43:00.510 [FXGL Background Thread 3 ] DEBUG Engine               - sceneFactory: com.almasb.fxgl.app.scene.SceneFactory@390b5558
19:43:00.510 [FXGL Background Thread 3 ] DEBUG Engine               - secondsIn24h: 60
19:43:00.510 [FXGL Background Thread 3 ] DEBUG Engine               - soundMenuBack: menu/back.wav
19:43:00.510 [FXGL Background Thread 3 ] DEBUG Engine               - soundMenuPress: menu/press.wav
19:43:00.510 [FXGL Background Thread 3 ] DEBUG Engine               - soundMenuSelect: menu/select.wav
19:43:00.510 [FXGL Background Thread 3 ] DEBUG Engine               - soundNotification: core/notification.wav
19:43:00.510 [FXGL Background Thread 3 ] DEBUG Engine               - stageStyle: DECORATED
19:43:00.510 [FXGL Background Thread 3 ] DEBUG Engine               - supportedLanguages: [ENGLISH, FRENCH, GERMAN, HUNGARIAN, RUSSIAN]
19:43:00.510 [FXGL Background Thread 3 ] DEBUG Engine               - ticksPerSecond: 60
19:43:00.510 [FXGL Background Thread 3 ] DEBUG Engine               - title: GameProject
19:43:00.510 [FXGL Background Thread 3 ] DEBUG Engine               - urlGithub: https://github.com/AlmasB/FXGL
19:43:00.510 [FXGL Background Thread 3 ] DEBUG Engine               - urlLeaderboard: http://fxgl-top.herokuapp.com/
19:43:00.510 [FXGL Background Thread 3 ] DEBUG Engine               - urlPOM: https://raw.githubusercontent.com/AlmasB/FXGL/release/README.md
19:43:00.510 [FXGL Background Thread 3 ] DEBUG Engine               - userAppClass: class com.gameproject.Main
19:43:00.511 [FXGL Background Thread 3 ] DEBUG Engine               - version: Alfa 0.8
19:43:00.511 [FXGL Background Thread 3 ] DEBUG Engine               - versionCheckDays: 7
19:43:00.511 [FXGL Background Thread 3 ] DEBUG Engine               - width: 1920
19:43:00.511 [FXGL Background Thread 3 ] DEBUG Engine               - Logging services
19:43:00.511 [FXGL Background Thread 3 ] DEBUG Engine               - class com.almasb.fxgl.app.services.FXGLAssetLoaderService
19:43:00.511 [FXGL Background Thread 3 ] DEBUG Engine               - class com.almasb.fxgl.app.FXGLApplication$GameApplicationService
19:43:00.511 [FXGL Background Thread 3 ] DEBUG Engine               - class com.almasb.fxgl.app.services.FXGLDialogService
19:43:00.511 [FXGL Background Thread 3 ] DEBUG Engine               - class com.almasb.fxgl.app.services.IOTaskExecutorService
19:43:00.511 [FXGL Background Thread 3 ] DEBUG Engine               - class com.almasb.fxgl.io.FileSystemService
19:43:00.511 [FXGL Background Thread 3 ] DEBUG Engine               - class com.almasb.fxgl.localization.LocalizationService
19:43:00.511 [FXGL Background Thread 3 ] DEBUG Engine               - class com.almasb.fxgl.app.services.SystemBundleService
19:43:00.511 [FXGL Background Thread 3 ] DEBUG Engine               - class com.almasb.fxgl.profile.SaveLoadService
19:43:00.511 [FXGL Background Thread 3 ] DEBUG Engine               - class com.almasb.fxgl.ui.FXGLUIFactoryServiceProvider
19:43:00.511 [FXGL Background Thread 3 ] DEBUG Engine               - class com.almasb.fxgl.ui.FXGLDialogFactoryServiceProvider
19:43:00.511 [FXGL Background Thread 3 ] DEBUG Engine               - class com.almasb.fxgl.audio.AudioPlayer
19:43:00.511 [FXGL Background Thread 3 ] DEBUG Engine               - class com.almasb.fxgl.notification.impl.NotificationServiceProvider
19:43:00.511 [FXGL Background Thread 3 ] DEBUG Engine               - class com.almasb.fxgl.achievement.AchievementService
19:43:00.511 [FXGL Background Thread 3 ] DEBUG Engine               - class com.almasb.fxgl.cutscene.CutsceneService
19:43:00.511 [FXGL Background Thread 3 ] DEBUG Engine               - class com.almasb.fxgl.minigames.MiniGameService
19:43:00.511 [FXGL Background Thread 3 ] DEBUG Engine               - class com.almasb.fxgl.net.NetService
19:43:00.511 [FXGL Background Thread 3 ] DEBUG Engine               - class com.almasb.fxgl.app.services.UpdaterService
19:43:00.511 [FXGL Background Thread 3 ] DEBUG Engine               - class com.almasb.fxgl.dev.DevService
19:43:02.891 [JavaFX Application Thread] DEBUG FXGLAssetLoaderServi - Loading from file system: file:/C:/Users/barto/IdeaProjects/IntroductionToFXGL-main/GameProject/target/classes/assets/textures/Enemy.png
19:43:04.834 [JavaFX Application Thread] DEBUG PrimaryStageWindow   - Push state: FXGLDefaultMenu
19:43:04.836 [JavaFX Application Thread] DEBUG Input                - Clearing active input actions
19:43:04.840 [JavaFX Application Thread] DEBUG GameApplicationServi - Removing overlay from GameScene and adding to FXGLDefaultMenu
19:43:04.841 [JavaFX Application Thread] DEBUG PrimaryStageWindow   - GameScene -> FXGLDefaultMenu
19:43:05.339 [JavaFX Application Thread] DEBUG PrimaryStageWindow   - Pop state: FXGLDefaultMenu
19:43:05.340 [JavaFX Application Thread] DEBUG Input                - Clearing active input actions
19:43:05.340 [JavaFX Application Thread] DEBUG GameApplicationServi - Removing overlay from FXGLDefaultMenu and adding to GameScene
19:43:05.341 [JavaFX Application Thread] DEBUG PrimaryStageWindow   - GameScene <- FXGLDefaultMenu
19:46:29.001 [JavaFX Application Thread] DEBUG FXGLApplication      - Exiting FXGL
19:46:29.001 [JavaFX Application Thread] DEBUG LoopRunner           - Stopping loop
19:46:29.002 [JavaFX Application Thread] DEBUG SystemBundleService  - Saving FXGL system data
19:46:29.005 [JavaFX Application Thread] DEBUG FileSystemAccess     - Writing to: C:\Users\barto\IdeaProjects\IntroductionToFXGL-main\GameProject\system\fxgl.bundle
19:46:29.007 [JavaFX Application Thread] DEBUG Async                - Shutting down background threads
19:46:29.007 [JavaFX Application Thread] DEBUG PrimaryStageWindow   - Closing main window
19:46:29.032 [JavaFX Application Thread] DEBUG Logger               - Closing Logger
