16:14:56.585 [main                     ] DEBUG Logger               - Configured Logger
16:14:56.608 [main                     ] DEBUG GameApplication      - Logging settings
Title: GameProject
Version: Alfa 0.8
Width: 1920
Height: 1080
Fullscreen: true
Intro: false
Profiling: false
Single step:false
App Mode: DEVELOPER
Menu Key: ESCAPE
Stage Style: DECORATED
Scene Factory: class com.gameproject.factories.MenuFactory

16:14:56.855 [JavaFX Application Thread] DEBUG FXGLApplication      - Initializing FXGL
16:14:56.860 [JavaFX Application Thread] INFO  Engine               - FXGL-17 (31.12.2021 18.16) on WINDOWS (J:18.0.1.1 FX:18-ea)
16:14:56.861 [JavaFX Application Thread] DEBUG Engine               - JRE Vendor Name: Oracle Corporation
16:14:56.861 [JavaFX Application Thread] DEBUG Engine               - Running on OS: Windows 11 version 10.0
16:14:56.861 [JavaFX Application Thread] DEBUG Engine               - Architecture: amd64
16:14:56.861 [JavaFX Application Thread] INFO  Engine               - Source code and latest versions at: https://github.com/AlmasB/FXGL
16:14:56.861 [JavaFX Application Thread] INFO  Engine               -       Ask questions and discuss at: https://github.com/AlmasB/FXGL/discussions
16:14:56.861 [JavaFX Application Thread] INFO  Engine               -              Join the FXGL chat at: https://gitter.im/AlmasB/FXGL
16:14:56.923 [JavaFX Application Thread] DEBUG PrimaryStageWindow   - Creating a JavaFX scene
16:14:56.958 [JavaFX Application Thread] DEBUG PrimaryStageWindow   - Target settings size: 1920.0 x 1080.0
16:14:56.958 [JavaFX Application Thread] DEBUG PrimaryStageWindow   - Scaled scene size:    1920.0 x 1080.0
16:14:56.958 [JavaFX Application Thread] DEBUG PrimaryStageWindow   - Scaled ratio: (1.0, 1.0)
16:14:56.959 [JavaFX Application Thread] DEBUG PrimaryStageWindow   - Set initial scene to FXGLStartupScene
16:14:56.964 [JavaFX Application Thread] DEBUG PrimaryStageWindow   - Opening main window
16:14:57.023 [JavaFX Application Thread] DEBUG PrimaryStageWindow   - Window border size: (16.0, 39.0)
16:14:57.023 [JavaFX Application Thread] DEBUG PrimaryStageWindow   - Scaled size: 1920.0 x 1080.0
16:14:57.024 [JavaFX Application Thread] DEBUG PrimaryStageWindow   - Scaled ratio: (1.0, 1.0)
16:14:57.024 [JavaFX Application Thread] DEBUG PrimaryStageWindow   - Scene size: 1920.0 x 1080.0
16:14:57.025 [JavaFX Application Thread] DEBUG PrimaryStageWindow   - Stage size: 1936.0 x 1119.0
16:14:57.094 [JavaFX Application Thread] DEBUG PrimaryStageWindow   - Going fullscreen
16:14:57.100 [FXGL Background Thread 1 ] DEBUG Engine               - Initializing environment variables
16:14:57.141 [FXGL Background Thread 1 ] DEBUG FXGLAssetLoaderServi - User app class for loading assets: class com.gameproject.Main
16:14:57.141 [FXGL Background Thread 1 ] DEBUG GameApplicationServi - Applying CSS: fxgl_dark.css
16:14:57.142 [FXGL Background Thread 1 ] DEBUG FXGLAssetLoaderServi - Loading from file system: jar:file:///C:/Users/barto/.m2/repository/com/github/almasb/fxgl/17/fxgl-17.jar!/fxglassets/ui/css/fxgl_dark.css
16:14:57.174 [FXGL Background Thread 1 ] DEBUG GameApplicationServi - Initializing application scenes
16:14:57.202 [FXGL Background Thread 1 ] DEBUG GameWorld            - Game world initialized
16:14:57.258 [FXGL Background Thread 1 ] DEBUG PhysicsWorld         - Physics world initialized: appHeight=1080, physics.ppm=50,0
16:14:57.259 [FXGL Background Thread 1 ] DEBUG PhysicsWorld         - Using strategy: BRUTE_FORCE
16:14:57.262 [FXGL Background Thread 1 ] DEBUG GameScene            - Game scene initialized: 1920x1080
16:14:57.263 [FXGL Background Thread 1 ] DEBUG GameApplicationServi - Application scenes initialized
16:14:57.275 [FXGL Background Thread 1 ] DEBUG SystemBundleService  - Loading FXGL system data
16:14:57.279 [FXGL Background Thread 1 ] DEBUG FileSystemAccess     - Reading from: C:\Users\barto\IdeaProjects\IntroductionToFXGL-main\GameProject\system\fxgl.bundle
16:14:57.286 [FXGL Background Thread 1 ] DEBUG SystemBundleService  - Bundle FXGL: {}
16:14:57.286 [FXGL Background Thread 1 ] DEBUG UpdaterService       - Checking for updates
16:14:57.290 [FXGL Background Thread 4 ] DEBUG FXGLApplication      - Loading fonts
16:14:57.291 [FXGL Background Thread 1 ] DEBUG FXGLApplication      - Loading default localization
16:14:57.291 [FXGL Background Thread 4 ] DEBUG FXGLAssetLoaderServi - Loading from file system: jar:file:///C:/Users/barto/.m2/repository/com/github/almasb/fxgl/17/fxgl-17.jar!/fxglassets/ui/fonts/VarelaRound-Regular.ttf
16:14:57.291 [FXGL Background Thread 1 ] DEBUG FXGLAssetLoaderServi - Loading from file system: jar:file:///C:/Users/barto/.m2/repository/com/github/almasb/fxgl/17/fxgl-17.jar!/fxglassets/languages/english.lang
16:14:57.302 [FXGL Background Thread 1 ] INFO  FXGLApplication      - FXGL initialization took: 0,202 sec
16:14:57.313 [JavaFX Application Thread] DEBUG Input                - Registered new binding: Left - A
16:14:57.314 [JavaFX Application Thread] DEBUG Input                - Registered new binding: Right - D
16:14:57.314 [JavaFX Application Thread] DEBUG Input                - Registered new binding: Top - W
16:14:57.314 [JavaFX Application Thread] DEBUG Input                - Registered new binding: Bottom - S
16:14:57.314 [JavaFX Application Thread] DEBUG FXGLAssetLoaderServi - Loading from file system: jar:file:///C:/Users/barto/.m2/repository/com/github/almasb/fxgl/17/fxgl-17.jar!/fxglassets/textures/fxgl_icon.png
16:14:57.357 [JavaFX Application Thread] DEBUG FXGLAssetLoaderServi - Loading from file system: jar:file:///C:/Users/barto/.m2/repository/com/github/almasb/fxgl/17/fxgl-17.jar!/fxglassets/textures/fxgl_default_cursor.png
16:14:57.360 [JavaFX Application Thread] DEBUG Input                - Registered new binding: Screenshot - CTRL+8
16:14:57.361 [JavaFX Application Thread] DEBUG Input                - Registered new binding: System info dump - CTRL+9
16:14:57.362 [JavaFX Application Thread] DEBUG Input                - Registered new binding: Restart - CTRL+R
16:14:57.362 [JavaFX Application Thread] DEBUG Input                - Registered new binding: Toggle Debug Camera - CTRL+7
16:14:57.364 [JavaFX Application Thread] DEBUG LoopRunner           - Starting loop
16:14:57.364 [JavaFX Application Thread] DEBUG LoopRunner           - Initializing ScheduledExecutorLoop with fps: 60
16:14:57.368 [JavaFX Application Thread] DEBUG Input                - Clearing active input actions
16:14:57.378 [JavaFX Application Thread] DEBUG GameApplicationServi - Removing overlay from FXGLStartupScene and adding to FXGLMainMenuDummyScene
16:14:57.378 [JavaFX Application Thread] DEBUG PrimaryStageWindow   - FXGLStartupScene -> FXGLMainMenuDummyScene
16:14:57.378 [JavaFX Application Thread] DEBUG PrimaryStageWindow   - Push state: Menu
16:14:57.379 [JavaFX Application Thread] DEBUG Input                - Clearing active input actions
16:14:57.379 [JavaFX Application Thread] DEBUG GameApplicationServi - Removing overlay from FXGLMainMenuDummyScene and adding to Menu
16:14:57.379 [JavaFX Application Thread] DEBUG PrimaryStageWindow   - FXGLMainMenuDummyScene -> Menu
16:14:57.382 [FXGL Background Thread 4 ] DEBUG FXGLAssetLoaderServi - Loading from file system: jar:file:///C:/Users/barto/.m2/repository/com/github/almasb/fxgl/17/fxgl-17.jar!/fxglassets/ui/fonts/Abel-Regular.ttf
16:14:57.384 [FXGL Background Thread 4 ] DEBUG FXGLAssetLoaderServi - Loading from file system: jar:file:///C:/Users/barto/.m2/repository/com/github/almasb/fxgl/17/fxgl-17.jar!/fxglassets/ui/fonts/TerminalLandMono-Regular.otf
16:14:57.387 [FXGL Background Thread 4 ] DEBUG FXGLAssetLoaderServi - Loading from file system: jar:file:///C:/Users/barto/.m2/repository/com/github/almasb/fxgl/17/fxgl-17.jar!/fxglassets/ui/fonts/Courier-Prime.ttf
16:14:57.395 [JavaFX Application Thread] DEBUG FXGLApplication      - Registering font factories with UI factory
16:14:57.859 [FXGL Background Thread 2 ] INFO  UpdaterService       - Your current version:  17
16:14:57.859 [FXGL Background Thread 2 ] INFO  UpdaterService       - Latest stable version: 17.1
16:15:00.290 [FXGL Background Thread 3 ] DEBUG Engine               - Logging environment variables
16:15:00.290 [FXGL Background Thread 3 ] DEBUG Engine               - achievements: []
16:15:00.290 [FXGL Background Thread 3 ] DEBUG Engine               - actualHeight: 1080.0
16:15:00.290 [FXGL Background Thread 3 ] DEBUG Engine               - actualHeightProperty: ReadOnlyDoubleProperty [value: 1080.0]
16:15:00.290 [FXGL Background Thread 3 ] DEBUG Engine               - actualWidth: 1920.0
16:15:00.290 [FXGL Background Thread 3 ] DEBUG Engine               - actualWidthProperty: ReadOnlyDoubleProperty [value: 1920.0]
16:15:00.290 [FXGL Background Thread 3 ] DEBUG Engine               - appIcon: fxgl_icon.png
16:15:00.291 [FXGL Background Thread 3 ] DEBUG Engine               - applicationMode: DEVELOPER
16:15:00.291 [FXGL Background Thread 3 ] DEBUG Engine               - cSSList: [fxgl_dark.css]
16:15:00.291 [FXGL Background Thread 3 ] DEBUG Engine               - collisionDetectionStrategy: BRUTE_FORCE
16:15:00.291 [FXGL Background Thread 3 ] DEBUG Engine               - configClass: Optional[class com.gameproject.config.GameConfig]
16:15:00.291 [FXGL Background Thread 3 ] DEBUG Engine               - credits: []
16:15:00.292 [FXGL Background Thread 3 ] DEBUG Engine               - defaultCursor: CursorInfo(imageName=fxgl_default_cursor.png, hotspotX=7.0, hotspotY=6.0)
16:15:00.292 [FXGL Background Thread 3 ] DEBUG Engine               - devBBoxColorProperty: ObjectProperty [value: 0xff0000ff]
16:15:00.292 [FXGL Background Thread 3 ] DEBUG Engine               - devEnableDebugCameraProperty: BooleanProperty [value: false]
16:15:00.292 [FXGL Background Thread 3 ] DEBUG Engine               - devSensorColorProperty: ObjectProperty [value: 0xffff00ff]
16:15:00.292 [FXGL Background Thread 3 ] DEBUG Engine               - devShowBBoxProperty: BooleanProperty [value: false]
16:15:00.292 [FXGL Background Thread 3 ] DEBUG Engine               - devShowPositionProperty: BooleanProperty [value: false]
16:15:00.292 [FXGL Background Thread 3 ] DEBUG Engine               - enabledMenuItems: []
16:15:00.292 [FXGL Background Thread 3 ] DEBUG Engine               - engineServices: [class com.almasb.fxgl.app.services.FXGLAssetLoaderService, class com.almasb.fxgl.app.FXGLApplication$GameApplicationService, class com.almasb.fxgl.app.services.FXGLDialogService, class com.almasb.fxgl.app.services.IOTaskExecutorService, class com.almasb.fxgl.io.FileSystemService, class com.almasb.fxgl.localization.LocalizationService, class com.almasb.fxgl.app.services.SystemBundleService, class com.almasb.fxgl.profile.SaveLoadService, class com.almasb.fxgl.ui.FXGLUIFactoryServiceProvider, class com.almasb.fxgl.ui.FXGLDialogFactoryServiceProvider, class com.almasb.fxgl.audio.AudioPlayer, class com.almasb.fxgl.notification.impl.NotificationServiceProvider, class com.almasb.fxgl.achievement.AchievementService, class com.almasb.fxgl.cutscene.CutsceneService, class com.almasb.fxgl.minigames.MiniGameService, class com.almasb.fxgl.net.NetService, class com.almasb.fxgl.app.services.UpdaterService, class com.almasb.fxgl.dev.DevService]
16:15:00.292 [FXGL Background Thread 3 ] DEBUG Engine               - fontGame: Abel-Regular.ttf
16:15:00.292 [FXGL Background Thread 3 ] DEBUG Engine               - fontMono: TerminalLandMono-Regular.otf
16:15:00.292 [FXGL Background Thread 3 ] DEBUG Engine               - fontText: Courier-Prime.ttf
16:15:00.292 [FXGL Background Thread 3 ] DEBUG Engine               - fontUI: VarelaRound-Regular.ttf
16:15:00.292 [FXGL Background Thread 3 ] DEBUG Engine               - fullScreen: BooleanProperty [value: true]
16:15:00.292 [FXGL Background Thread 3 ] DEBUG Engine               - gameDifficulty: MEDIUM
16:15:00.293 [FXGL Background Thread 3 ] DEBUG Engine               - gameDifficultyProperty: ObjectProperty [value: MEDIUM]
16:15:00.293 [FXGL Background Thread 3 ] DEBUG Engine               - globalMusicVolume: 0.5
16:15:00.293 [FXGL Background Thread 3 ] DEBUG Engine               - globalMusicVolumeProperty: DoubleProperty [value: 0.5]
16:15:00.293 [FXGL Background Thread 3 ] DEBUG Engine               - globalSoundVolume: 0.5
16:15:00.293 [FXGL Background Thread 3 ] DEBUG Engine               - globalSoundVolumeProperty: DoubleProperty [value: 0.5]
16:15:00.293 [FXGL Background Thread 3 ] DEBUG Engine               - height: 1080
16:15:00.293 [FXGL Background Thread 3 ] DEBUG Engine               - is3D: false
16:15:00.293 [FXGL Background Thread 3 ] DEBUG Engine               - isAndroid: false
16:15:00.293 [FXGL Background Thread 3 ] DEBUG Engine               - isBrowser: false
16:15:00.293 [FXGL Background Thread 3 ] DEBUG Engine               - isClickFeedbackEnabled: false
16:15:00.293 [FXGL Background Thread 3 ] DEBUG Engine               - isCloseConfirmation: false
16:15:00.293 [FXGL Background Thread 3 ] DEBUG Engine               - isDesktop: true
16:15:00.293 [FXGL Background Thread 3 ] DEBUG Engine               - isDeveloperMenuEnabled: false
16:15:00.293 [FXGL Background Thread 3 ] DEBUG Engine               - isEmbedded: false
16:15:00.293 [FXGL Background Thread 3 ] DEBUG Engine               - isEntityPreloadEnabled: true
16:15:00.293 [FXGL Background Thread 3 ] DEBUG Engine               - isExperimentalTiledLargeMap: false
16:15:00.293 [FXGL Background Thread 3 ] DEBUG Engine               - isFileSystemWriteAllowed: true
16:15:00.293 [FXGL Background Thread 3 ] DEBUG Engine               - isFullScreenAllowed: true
16:15:00.293 [FXGL Background Thread 3 ] DEBUG Engine               - isFullScreenFromStart: true
16:15:00.293 [FXGL Background Thread 3 ] DEBUG Engine               - isGameMenuEnabled: true
16:15:00.294 [FXGL Background Thread 3 ] DEBUG Engine               - isIOS: false
16:15:00.294 [FXGL Background Thread 3 ] DEBUG Engine               - isIntroEnabled: false
16:15:00.294 [FXGL Background Thread 3 ] DEBUG Engine               - isLinux: false
16:15:00.294 [FXGL Background Thread 3 ] DEBUG Engine               - isMac: false
16:15:00.294 [FXGL Background Thread 3 ] DEBUG Engine               - isMainMenuEnabled: true
16:15:00.294 [FXGL Background Thread 3 ] DEBUG Engine               - isManualResizeEnabled: false
16:15:00.294 [FXGL Background Thread 3 ] DEBUG Engine               - isMobile: false
16:15:00.294 [FXGL Background Thread 3 ] DEBUG Engine               - isNative: false
16:15:00.294 [FXGL Background Thread 3 ] DEBUG Engine               - isPauseMusicWhenMinimized: true
16:15:00.294 [FXGL Background Thread 3 ] DEBUG Engine               - isPreserveResizeRatio: false
16:15:00.294 [FXGL Background Thread 3 ] DEBUG Engine               - isProfilingEnabled: false
16:15:00.294 [FXGL Background Thread 3 ] DEBUG Engine               - isScaleAffectedOnResize: true
16:15:00.294 [FXGL Background Thread 3 ] DEBUG Engine               - isSingleStep: false
16:15:00.294 [FXGL Background Thread 3 ] DEBUG Engine               - isUserProfileEnabled: false
16:15:00.294 [FXGL Background Thread 3 ] DEBUG Engine               - isWindows: true
16:15:00.294 [FXGL Background Thread 3 ] DEBUG Engine               - language: ObjectProperty [value: ENGLISH]
16:15:00.294 [FXGL Background Thread 3 ] DEBUG Engine               - menuKey: ESCAPE
16:15:00.294 [FXGL Background Thread 3 ] DEBUG Engine               - mouseSensitivity: 0.2
16:15:00.294 [FXGL Background Thread 3 ] DEBUG Engine               - notificationViewClass: class com.almasb.fxgl.notification.view.XboxNotificationView
16:15:00.295 [FXGL Background Thread 3 ] DEBUG Engine               - pixelsPerMeter: 50.0
16:15:00.295 [FXGL Background Thread 3 ] DEBUG Engine               - platform: WINDOWS
16:15:00.295 [FXGL Background Thread 3 ] DEBUG Engine               - prefHeightProperty: ReadOnlyDoubleProperty [value: 1080.0]
16:15:00.295 [FXGL Background Thread 3 ] DEBUG Engine               - prefWidthProperty: ReadOnlyDoubleProperty [value: 1920.0]
16:15:00.295 [FXGL Background Thread 3 ] DEBUG Engine               - profileDir: profiles/
16:15:00.295 [FXGL Background Thread 3 ] DEBUG Engine               - profileName: StringProperty [value: DEFAULT]
16:15:00.295 [FXGL Background Thread 3 ] DEBUG Engine               - randomSeed: -1
16:15:00.295 [FXGL Background Thread 3 ] DEBUG Engine               - runtimeInfo: RuntimeInfo(platform=WINDOWS, version=17, build=31.12.2021 18.16)
16:15:00.295 [FXGL Background Thread 3 ] DEBUG Engine               - saveFileExt: sav
16:15:00.295 [FXGL Background Thread 3 ] DEBUG Engine               - scaledHeightProp$fxgl: DoubleProperty [bound, value: 1080.0]
16:15:00.295 [FXGL Background Thread 3 ] DEBUG Engine               - scaledWidthProp$fxgl: DoubleProperty [bound, value: 1920.0]
16:15:00.295 [FXGL Background Thread 3 ] DEBUG Engine               - sceneFactory: com.gameproject.factories.MenuFactory@27ac3c5f
16:15:00.295 [FXGL Background Thread 3 ] DEBUG Engine               - secondsIn24h: 60
16:15:00.295 [FXGL Background Thread 3 ] DEBUG Engine               - soundMenuBack: menu/back.wav
16:15:00.295 [FXGL Background Thread 3 ] DEBUG Engine               - soundMenuPress: menu/press.wav
16:15:00.295 [FXGL Background Thread 3 ] DEBUG Engine               - soundMenuSelect: menu/select.wav
16:15:00.295 [FXGL Background Thread 3 ] DEBUG Engine               - soundNotification: core/notification.wav
16:15:00.296 [FXGL Background Thread 3 ] DEBUG Engine               - stageStyle: DECORATED
16:15:00.296 [FXGL Background Thread 3 ] DEBUG Engine               - supportedLanguages: [ENGLISH, FRENCH, GERMAN, HUNGARIAN, RUSSIAN]
16:15:00.296 [FXGL Background Thread 3 ] DEBUG Engine               - ticksPerSecond: 60
16:15:00.296 [FXGL Background Thread 3 ] DEBUG Engine               - title: GameProject
16:15:00.296 [FXGL Background Thread 3 ] DEBUG Engine               - urlGithub: https://github.com/AlmasB/FXGL
16:15:00.296 [FXGL Background Thread 3 ] DEBUG Engine               - urlLeaderboard: http://fxgl-top.herokuapp.com/
16:15:00.296 [FXGL Background Thread 3 ] DEBUG Engine               - urlPOM: https://raw.githubusercontent.com/AlmasB/FXGL/release/README.md
16:15:00.296 [FXGL Background Thread 3 ] DEBUG Engine               - userAppClass: class com.gameproject.Main
16:15:00.296 [FXGL Background Thread 3 ] DEBUG Engine               - version: Alfa 0.8
16:15:00.296 [FXGL Background Thread 3 ] DEBUG Engine               - versionCheckDays: 7
16:15:00.296 [FXGL Background Thread 3 ] DEBUG Engine               - width: 1920
16:15:00.296 [FXGL Background Thread 3 ] DEBUG Engine               - Logging services
16:15:00.296 [FXGL Background Thread 3 ] DEBUG Engine               - class com.almasb.fxgl.app.services.FXGLAssetLoaderService
16:15:00.296 [FXGL Background Thread 3 ] DEBUG Engine               - class com.almasb.fxgl.app.FXGLApplication$GameApplicationService
16:15:00.296 [FXGL Background Thread 3 ] DEBUG Engine               - class com.almasb.fxgl.app.services.FXGLDialogService
16:15:00.296 [FXGL Background Thread 3 ] DEBUG Engine               - class com.almasb.fxgl.app.services.IOTaskExecutorService
16:15:00.296 [FXGL Background Thread 3 ] DEBUG Engine               - class com.almasb.fxgl.io.FileSystemService
16:15:00.296 [FXGL Background Thread 3 ] DEBUG Engine               - class com.almasb.fxgl.localization.LocalizationService
16:15:00.296 [FXGL Background Thread 3 ] DEBUG Engine               - class com.almasb.fxgl.app.services.SystemBundleService
16:15:00.296 [FXGL Background Thread 3 ] DEBUG Engine               - class com.almasb.fxgl.profile.SaveLoadService
16:15:00.296 [FXGL Background Thread 3 ] DEBUG Engine               - class com.almasb.fxgl.ui.FXGLUIFactoryServiceProvider
16:15:00.296 [FXGL Background Thread 3 ] DEBUG Engine               - class com.almasb.fxgl.ui.FXGLDialogFactoryServiceProvider
16:15:00.296 [FXGL Background Thread 3 ] DEBUG Engine               - class com.almasb.fxgl.audio.AudioPlayer
16:15:00.296 [FXGL Background Thread 3 ] DEBUG Engine               - class com.almasb.fxgl.notification.impl.NotificationServiceProvider
16:15:00.297 [FXGL Background Thread 3 ] DEBUG Engine               - class com.almasb.fxgl.achievement.AchievementService
16:15:00.297 [FXGL Background Thread 3 ] DEBUG Engine               - class com.almasb.fxgl.cutscene.CutsceneService
16:15:00.297 [FXGL Background Thread 3 ] DEBUG Engine               - class com.almasb.fxgl.minigames.MiniGameService
16:15:00.297 [FXGL Background Thread 3 ] DEBUG Engine               - class com.almasb.fxgl.net.NetService
16:15:00.297 [FXGL Background Thread 3 ] DEBUG Engine               - class com.almasb.fxgl.app.services.UpdaterService
16:15:00.297 [FXGL Background Thread 3 ] DEBUG Engine               - class com.almasb.fxgl.dev.DevService
16:15:02.659 [JavaFX Application Thread] DEBUG FXGLApplication      - Exiting FXGL
16:15:02.659 [JavaFX Application Thread] DEBUG LoopRunner           - Stopping loop
16:15:02.660 [JavaFX Application Thread] DEBUG SystemBundleService  - Saving FXGL system data
16:15:02.663 [JavaFX Application Thread] DEBUG FileSystemAccess     - Writing to: C:\Users\barto\IdeaProjects\IntroductionToFXGL-main\GameProject\system\fxgl.bundle
16:15:02.665 [JavaFX Application Thread] DEBUG Async                - Shutting down background threads
16:15:02.665 [JavaFX Application Thread] DEBUG PrimaryStageWindow   - Closing main window
16:15:02.678 [JavaFX Application Thread] DEBUG Logger               - Closing Logger
