08:47:37.666 [main                     ] DEBUG Logger               - Configured Logger
08:47:37.695 [main                     ] DEBUG GameApplication      - Logging settings
Title: GameProject
Version: Alfa 0.8
Width: 1920
Height: 1080
Fullscreen: true
Intro: false
Profiling: false
Single step:false
App Mode: DEVELOPER
Menu Key: ESCAPE
Stage Style: DECORATED
Scene Factory: class com.almasb.fxgl.app.scene.SceneFactory

08:47:38.124 [JavaFX Application Thread] DEBUG FXGLApplication      - Initializing FXGL
08:47:38.130 [JavaFX Application Thread] INFO  Engine               - FXGL-17 (31.12.2021 18.16) on WINDOWS (J:18.0.1.1 FX:18-ea)
08:47:38.131 [JavaFX Application Thread] DEBUG Engine               - JRE Vendor Name: Oracle Corporation
08:47:38.131 [JavaFX Application Thread] DEBUG Engine               - Running on OS: Windows 11 version 10.0
08:47:38.131 [JavaFX Application Thread] DEBUG Engine               - Architecture: amd64
08:47:38.131 [JavaFX Application Thread] INFO  Engine               - Source code and latest versions at: https://github.com/AlmasB/FXGL
08:47:38.133 [JavaFX Application Thread] INFO  Engine               -       Ask questions and discuss at: https://github.com/AlmasB/FXGL/discussions
08:47:38.133 [JavaFX Application Thread] INFO  Engine               -              Join the FXGL chat at: https://gitter.im/AlmasB/FXGL
08:47:38.240 [JavaFX Application Thread] DEBUG PrimaryStageWindow   - Creating a JavaFX scene
08:47:38.291 [JavaFX Application Thread] DEBUG PrimaryStageWindow   - Target settings size: 1920.0 x 1080.0
08:47:38.291 [JavaFX Application Thread] DEBUG PrimaryStageWindow   - Scaled scene size:    1920.0 x 1080.0
08:47:38.291 [JavaFX Application Thread] DEBUG PrimaryStageWindow   - Scaled ratio: (1.0, 1.0)
08:47:38.292 [JavaFX Application Thread] DEBUG PrimaryStageWindow   - Set initial scene to FXGLStartupScene
08:47:38.300 [JavaFX Application Thread] DEBUG PrimaryStageWindow   - Opening main window
08:47:38.387 [JavaFX Application Thread] DEBUG PrimaryStageWindow   - Window border size: (16.0, 39.0)
08:47:38.387 [JavaFX Application Thread] DEBUG PrimaryStageWindow   - Scaled size: 1920.0 x 1080.0
08:47:38.388 [JavaFX Application Thread] DEBUG PrimaryStageWindow   - Scaled ratio: (1.0, 1.0)
08:47:38.389 [JavaFX Application Thread] DEBUG PrimaryStageWindow   - Scene size: 1920.0 x 1080.0
08:47:38.391 [JavaFX Application Thread] DEBUG PrimaryStageWindow   - Stage size: 1936.0 x 1119.0
08:47:38.543 [JavaFX Application Thread] DEBUG PrimaryStageWindow   - Going fullscreen
08:47:38.553 [FXGL Background Thread 1 ] DEBUG Engine               - Initializing environment variables
08:47:38.606 [FXGL Background Thread 1 ] DEBUG FXGLAssetLoaderServi - User app class for loading assets: class com.gameproject.Main
08:47:38.606 [FXGL Background Thread 1 ] DEBUG GameApplicationServi - Applying CSS: fxgl_dark.css
08:47:38.607 [FXGL Background Thread 1 ] DEBUG FXGLAssetLoaderServi - Loading from file system: jar:file:///C:/Users/barto/.m2/repository/com/github/almasb/fxgl/17/fxgl-17.jar!/fxglassets/ui/css/fxgl_dark.css
08:47:38.658 [FXGL Background Thread 1 ] DEBUG GameApplicationServi - Initializing application scenes
08:47:38.706 [FXGL Background Thread 1 ] DEBUG GameWorld            - Game world initialized
08:47:38.789 [FXGL Background Thread 1 ] DEBUG PhysicsWorld         - Physics world initialized: appHeight=1080, physics.ppm=50,0
08:47:38.790 [FXGL Background Thread 1 ] DEBUG PhysicsWorld         - Using strategy: BRUTE_FORCE
08:47:38.795 [FXGL Background Thread 1 ] DEBUG GameScene            - Game scene initialized: 1920x1080
08:47:38.808 [FXGL Background Thread 1 ] DEBUG FXGL.DefaultMenu     - createMenuBodyGameMenu()
08:47:38.828 [FXGL Background Thread 1 ] DEBUG FXGL.DefaultMenu     - createOptionsMenu()
08:47:38.842 [FXGL Background Thread 1 ] DEBUG FXGLAssetLoaderServi - Loading from file system: jar:file:///C:/Users/barto/.m2/repository/com/github/almasb/fxgl/17/fxgl-17.jar!/fxglassets/textures/particles/smoke.png
08:47:38.956 [FXGL Background Thread 1 ] DEBUG FXGLAssetLoaderServi - Loading from file system: jar:file:///C:/Users/barto/.m2/repository/com/github/almasb/fxgl/17/fxgl-17.jar!/fxglassets/textures/particles/trace_horizontal.png
08:47:38.994 [FXGL Background Thread 1 ] DEBUG GameApplicationServi - Application scenes initialized
08:47:39.007 [FXGL Background Thread 1 ] DEBUG SystemBundleService  - Loading FXGL system data
08:47:39.012 [FXGL Background Thread 1 ] DEBUG FileSystemAccess     - Reading from: C:\Users\barto\IdeaProjects\IntroductionToFXGL-main\GameProject\system\fxgl.bundle
08:47:39.021 [FXGL Background Thread 1 ] DEBUG SystemBundleService  - Bundle FXGL: {}
08:47:39.021 [FXGL Background Thread 1 ] DEBUG UpdaterService       - Checking for updates
08:47:39.025 [FXGL Background Thread 4 ] DEBUG FXGLApplication      - Loading fonts
08:47:39.026 [FXGL Background Thread 1 ] DEBUG FXGLApplication      - Loading default localization
08:47:39.026 [FXGL Background Thread 4 ] DEBUG FXGLAssetLoaderServi - Loading from file system: jar:file:///C:/Users/barto/.m2/repository/com/github/almasb/fxgl/17/fxgl-17.jar!/fxglassets/ui/fonts/VarelaRound-Regular.ttf
08:47:39.027 [FXGL Background Thread 1 ] DEBUG FXGLAssetLoaderServi - Loading from file system: jar:file:///C:/Users/barto/.m2/repository/com/github/almasb/fxgl/17/fxgl-17.jar!/fxglassets/languages/english.lang
08:47:39.044 [FXGL Background Thread 1 ] INFO  FXGLApplication      - FXGL initialization took: 0,491 sec
08:47:39.055 [JavaFX Application Thread] DEBUG Input                - Registered new binding: Left - A
08:47:39.056 [JavaFX Application Thread] DEBUG Input                - Registered new binding: Right - D
08:47:39.056 [JavaFX Application Thread] DEBUG Input                - Registered new binding: Top - W
08:47:39.056 [JavaFX Application Thread] DEBUG Input                - Registered new binding: Bottom - S
08:47:39.056 [JavaFX Application Thread] DEBUG FXGLAssetLoaderServi - Loading from file system: jar:file:///C:/Users/barto/.m2/repository/com/github/almasb/fxgl/17/fxgl-17.jar!/fxglassets/textures/fxgl_icon.png
08:47:39.079 [JavaFX Application Thread] DEBUG FXGLAssetLoaderServi - Loading from file system: jar:file:///C:/Users/barto/.m2/repository/com/github/almasb/fxgl/17/fxgl-17.jar!/fxglassets/textures/fxgl_default_cursor.png
08:47:39.082 [JavaFX Application Thread] DEBUG Input                - Registered new binding: Screenshot - CTRL+8
08:47:39.083 [JavaFX Application Thread] DEBUG Input                - Registered new binding: System info dump - CTRL+9
08:47:39.083 [JavaFX Application Thread] DEBUG Input                - Registered new binding: Restart - CTRL+R
08:47:39.084 [JavaFX Application Thread] DEBUG Input                - Registered new binding: Toggle Debug Camera - CTRL+7
08:47:39.085 [JavaFX Application Thread] DEBUG LoopRunner           - Starting loop
08:47:39.086 [JavaFX Application Thread] DEBUG LoopRunner           - Initializing ScheduledExecutorLoop with fps: 60
08:47:39.088 [JavaFX Application Thread] DEBUG GameApplicationServi - Starting new game
08:47:39.089 [JavaFX Application Thread] DEBUG Input                - Clearing active input actions
08:47:39.102 [JavaFX Application Thread] DEBUG GameApplicationServi - Removing overlay from FXGLStartupScene and adding to FXGLLoadingScene
08:47:39.102 [JavaFX Application Thread] DEBUG PrimaryStageWindow   - FXGLStartupScene -> FXGLLoadingScene
08:47:39.102 [JavaFX Application Thread] DEBUG GameApplicationServi - Clearing previous game
08:47:39.102 [JavaFX Application Thread] DEBUG GameScene            - Clearing game scene
08:47:39.102 [JavaFX Application Thread] DEBUG GameWorld            - Clearing game world
08:47:39.103 [JavaFX Application Thread] DEBUG PhysicsWorld         - Clearing physics world
08:47:39.105 [FXGL Background Thread 1 ] DEBUG FXGLApplication      - Initializing game
08:47:39.116 [FXGL Background Thread 4 ] DEBUG FXGLAssetLoaderServi - Loading from file system: jar:file:///C:/Users/barto/.m2/repository/com/github/almasb/fxgl/17/fxgl-17.jar!/fxglassets/ui/fonts/Abel-Regular.ttf
08:47:39.120 [FXGL Background Thread 4 ] DEBUG FXGLAssetLoaderServi - Loading from file system: jar:file:///C:/Users/barto/.m2/repository/com/github/almasb/fxgl/17/fxgl-17.jar!/fxglassets/ui/fonts/TerminalLandMono-Regular.otf
08:47:39.125 [FXGL Background Thread 1 ] DEBUG FXGLAssetLoaderServi - Loading from file system: file:/C:/Users/barto/IdeaProjects/IntroductionToFXGL-main/GameProject/target/classes/assets/textures/Player1/Texture.png
08:47:39.125 [FXGL Background Thread 4 ] DEBUG FXGLAssetLoaderServi - Loading from file system: jar:file:///C:/Users/barto/.m2/repository/com/github/almasb/fxgl/17/fxgl-17.jar!/fxglassets/ui/fonts/Courier-Prime.ttf
08:47:39.129 [FXGL Background Thread 1 ] DEBUG FXGLAssetLoaderServi - Loading from file system: file:/C:/Users/barto/IdeaProjects/IntroductionToFXGL-main/GameProject/target/classes/assets/textures/Player1/TextureMove.png
08:47:39.145 [JavaFX Application Thread] DEBUG FXGLApplication      - Registering font factories with UI factory
08:47:39.166 [FXGL Background Thread 1 ] DEBUG FXGLAssetLoaderServi - Loading from file system: file:/C:/Users/barto/IdeaProjects/IntroductionToFXGL-main/GameProject/target/classes/assets/textures/Terrain.png
08:47:39.358 [FXGL Background Thread 1 ] DEBUG FXGLAssetLoaderServi - Loading from file system: file:/C:/Users/barto/IdeaProjects/IntroductionToFXGL-main/GameProject/target/classes/assets/textures/Chest.png
08:47:39.365 [FXGL Background Thread 1 ] DEBUG FXGLAssetLoaderServi - Loading from file system: file:/C:/Users/barto/IdeaProjects/IntroductionToFXGL-main/GameProject/target/classes/assets/textures/Items/Item1Texture.png
08:47:39.367 [FXGL Background Thread 1 ] DEBUG FXGLAssetLoaderServi - Loading from file system: file:/C:/Users/barto/IdeaProjects/IntroductionToFXGL-main/GameProject/target/classes/assets/textures/Items/Item2Texture.png
08:47:39.369 [FXGL Background Thread 1 ] DEBUG FXGLAssetLoaderServi - Loading from file system: file:/C:/Users/barto/IdeaProjects/IntroductionToFXGL-main/GameProject/target/classes/assets/textures/Items/Item3Texture.png
08:47:39.385 [FXGL Background Thread 1 ] INFO  FXGLApplication      - Game initialization took: 0,280 sec
08:47:39.390 [JavaFX Application Thread] DEBUG Input                - Clearing active input actions
08:47:39.459 [JavaFX Application Thread] DEBUG GameApplicationServi - Removing overlay from FXGLLoadingScene and adding to GameScene
08:47:39.459 [JavaFX Application Thread] DEBUG PrimaryStageWindow   - FXGLLoadingScene -> GameScene
08:47:39.463 [JavaFX Application Thread] DEBUG FXGLAssetLoaderServi - Loading from file system: file:/C:/Users/barto/IdeaProjects/IntroductionToFXGL-main/GameProject/target/classes/assets/textures/Attack.png
08:47:40.051 [FXGL Background Thread 2 ] INFO  UpdaterService       - Your current version:  17
08:47:40.051 [FXGL Background Thread 2 ] INFO  UpdaterService       - Latest stable version: 17.1
08:47:42.038 [FXGL Background Thread 3 ] DEBUG Engine               - Logging environment variables
08:47:42.039 [FXGL Background Thread 3 ] DEBUG Engine               - achievements: []
08:47:42.039 [FXGL Background Thread 3 ] DEBUG Engine               - actualHeight: 1080.0
08:47:42.039 [FXGL Background Thread 3 ] DEBUG Engine               - actualHeightProperty: ReadOnlyDoubleProperty [value: 1080.0]
08:47:42.039 [FXGL Background Thread 3 ] DEBUG Engine               - actualWidth: 1920.0
08:47:42.040 [FXGL Background Thread 3 ] DEBUG Engine               - actualWidthProperty: ReadOnlyDoubleProperty [value: 1920.0]
08:47:42.040 [FXGL Background Thread 3 ] DEBUG Engine               - appIcon: fxgl_icon.png
08:47:42.040 [FXGL Background Thread 3 ] DEBUG Engine               - applicationMode: DEVELOPER
08:47:42.040 [FXGL Background Thread 3 ] DEBUG Engine               - cSSList: [fxgl_dark.css]
08:47:42.040 [FXGL Background Thread 3 ] DEBUG Engine               - collisionDetectionStrategy: BRUTE_FORCE
08:47:42.040 [FXGL Background Thread 3 ] DEBUG Engine               - configClass: Optional[class com.gameproject.config.GameConfig]
08:47:42.040 [FXGL Background Thread 3 ] DEBUG Engine               - credits: []
08:47:42.041 [FXGL Background Thread 3 ] DEBUG Engine               - defaultCursor: CursorInfo(imageName=fxgl_default_cursor.png, hotspotX=7.0, hotspotY=6.0)
08:47:42.041 [FXGL Background Thread 3 ] DEBUG Engine               - devBBoxColorProperty: ObjectProperty [value: 0xff0000ff]
08:47:42.041 [FXGL Background Thread 3 ] DEBUG Engine               - devEnableDebugCameraProperty: BooleanProperty [value: false]
08:47:42.042 [FXGL Background Thread 3 ] DEBUG Engine               - devSensorColorProperty: ObjectProperty [value: 0xffff00ff]
08:47:42.042 [FXGL Background Thread 3 ] DEBUG Engine               - devShowBBoxProperty: BooleanProperty [value: false]
08:47:42.042 [FXGL Background Thread 3 ] DEBUG Engine               - devShowPositionProperty: BooleanProperty [value: false]
08:47:42.042 [FXGL Background Thread 3 ] DEBUG Engine               - enabledMenuItems: []
08:47:42.042 [FXGL Background Thread 3 ] DEBUG Engine               - engineServices: [class com.almasb.fxgl.app.services.FXGLAssetLoaderService, class com.almasb.fxgl.app.FXGLApplication$GameApplicationService, class com.almasb.fxgl.app.services.FXGLDialogService, class com.almasb.fxgl.app.services.IOTaskExecutorService, class com.almasb.fxgl.io.FileSystemService, class com.almasb.fxgl.localization.LocalizationService, class com.almasb.fxgl.app.services.SystemBundleService, class com.almasb.fxgl.profile.SaveLoadService, class com.almasb.fxgl.ui.FXGLUIFactoryServiceProvider, class com.almasb.fxgl.ui.FXGLDialogFactoryServiceProvider, class com.almasb.fxgl.audio.AudioPlayer, class com.almasb.fxgl.notification.impl.NotificationServiceProvider, class com.almasb.fxgl.achievement.AchievementService, class com.almasb.fxgl.cutscene.CutsceneService, class com.almasb.fxgl.minigames.MiniGameService, class com.almasb.fxgl.net.NetService, class com.almasb.fxgl.app.services.UpdaterService, class com.almasb.fxgl.dev.DevService]
08:47:42.042 [FXGL Background Thread 3 ] DEBUG Engine               - fontGame: Abel-Regular.ttf
08:47:42.042 [FXGL Background Thread 3 ] DEBUG Engine               - fontMono: TerminalLandMono-Regular.otf
08:47:42.042 [FXGL Background Thread 3 ] DEBUG Engine               - fontText: Courier-Prime.ttf
08:47:42.042 [FXGL Background Thread 3 ] DEBUG Engine               - fontUI: VarelaRound-Regular.ttf
08:47:42.042 [FXGL Background Thread 3 ] DEBUG Engine               - fullScreen: BooleanProperty [value: true]
08:47:42.042 [FXGL Background Thread 3 ] DEBUG Engine               - gameDifficulty: MEDIUM
08:47:42.043 [FXGL Background Thread 3 ] DEBUG Engine               - gameDifficultyProperty: ObjectProperty [value: MEDIUM]
08:47:42.043 [FXGL Background Thread 3 ] DEBUG Engine               - globalMusicVolume: 0.5
08:47:42.043 [FXGL Background Thread 3 ] DEBUG Engine               - globalMusicVolumeProperty: DoubleProperty [value: 0.5]
08:47:42.043 [FXGL Background Thread 3 ] DEBUG Engine               - globalSoundVolume: 0.5
08:47:42.043 [FXGL Background Thread 3 ] DEBUG Engine               - globalSoundVolumeProperty: DoubleProperty [value: 0.5]
08:47:42.043 [FXGL Background Thread 3 ] DEBUG Engine               - height: 1080
08:47:42.043 [FXGL Background Thread 3 ] DEBUG Engine               - is3D: false
08:47:42.043 [FXGL Background Thread 3 ] DEBUG Engine               - isAndroid: false
08:47:42.043 [FXGL Background Thread 3 ] DEBUG Engine               - isBrowser: false
08:47:42.043 [FXGL Background Thread 3 ] DEBUG Engine               - isClickFeedbackEnabled: false
08:47:42.043 [FXGL Background Thread 3 ] DEBUG Engine               - isCloseConfirmation: false
08:47:42.044 [FXGL Background Thread 3 ] DEBUG Engine               - isDesktop: true
08:47:42.044 [FXGL Background Thread 3 ] DEBUG Engine               - isDeveloperMenuEnabled: false
08:47:42.044 [FXGL Background Thread 3 ] DEBUG Engine               - isEmbedded: false
08:47:42.044 [FXGL Background Thread 3 ] DEBUG Engine               - isEntityPreloadEnabled: true
08:47:42.044 [FXGL Background Thread 3 ] DEBUG Engine               - isExperimentalTiledLargeMap: false
08:47:42.044 [FXGL Background Thread 3 ] DEBUG Engine               - isFileSystemWriteAllowed: true
08:47:42.044 [FXGL Background Thread 3 ] DEBUG Engine               - isFullScreenAllowed: true
08:47:42.044 [FXGL Background Thread 3 ] DEBUG Engine               - isFullScreenFromStart: true
08:47:42.044 [FXGL Background Thread 3 ] DEBUG Engine               - isGameMenuEnabled: true
08:47:42.044 [FXGL Background Thread 3 ] DEBUG Engine               - isIOS: false
08:47:42.044 [FXGL Background Thread 3 ] DEBUG Engine               - isIntroEnabled: false
08:47:42.045 [FXGL Background Thread 3 ] DEBUG Engine               - isLinux: false
08:47:42.045 [FXGL Background Thread 3 ] DEBUG Engine               - isMac: false
08:47:42.045 [FXGL Background Thread 3 ] DEBUG Engine               - isMainMenuEnabled: false
08:47:42.045 [FXGL Background Thread 3 ] DEBUG Engine               - isManualResizeEnabled: false
08:47:42.045 [FXGL Background Thread 3 ] DEBUG Engine               - isMobile: false
08:47:42.045 [FXGL Background Thread 3 ] DEBUG Engine               - isNative: false
08:47:42.045 [FXGL Background Thread 3 ] DEBUG Engine               - isPauseMusicWhenMinimized: true
08:47:42.045 [FXGL Background Thread 3 ] DEBUG Engine               - isPreserveResizeRatio: false
08:47:42.045 [FXGL Background Thread 3 ] DEBUG Engine               - isProfilingEnabled: false
08:47:42.045 [FXGL Background Thread 3 ] DEBUG Engine               - isScaleAffectedOnResize: true
08:47:42.045 [FXGL Background Thread 3 ] DEBUG Engine               - isSingleStep: false
08:47:42.045 [FXGL Background Thread 3 ] DEBUG Engine               - isUserProfileEnabled: false
08:47:42.046 [FXGL Background Thread 3 ] DEBUG Engine               - isWindows: true
08:47:42.046 [FXGL Background Thread 3 ] DEBUG Engine               - language: ObjectProperty [value: ENGLISH]
08:47:42.046 [FXGL Background Thread 3 ] DEBUG Engine               - menuKey: ESCAPE
08:47:42.046 [FXGL Background Thread 3 ] DEBUG Engine               - mouseSensitivity: 0.2
08:47:42.046 [FXGL Background Thread 3 ] DEBUG Engine               - notificationViewClass: class com.almasb.fxgl.notification.view.XboxNotificationView
08:47:42.046 [FXGL Background Thread 3 ] DEBUG Engine               - pixelsPerMeter: 50.0
08:47:42.046 [FXGL Background Thread 3 ] DEBUG Engine               - platform: WINDOWS
08:47:42.046 [FXGL Background Thread 3 ] DEBUG Engine               - prefHeightProperty: ReadOnlyDoubleProperty [value: 1080.0]
08:47:42.046 [FXGL Background Thread 3 ] DEBUG Engine               - prefWidthProperty: ReadOnlyDoubleProperty [value: 1920.0]
08:47:42.046 [FXGL Background Thread 3 ] DEBUG Engine               - profileDir: profiles/
08:47:42.046 [FXGL Background Thread 3 ] DEBUG Engine               - profileName: StringProperty [value: DEFAULT]
08:47:42.046 [FXGL Background Thread 3 ] DEBUG Engine               - randomSeed: -1
08:47:42.047 [FXGL Background Thread 3 ] DEBUG Engine               - runtimeInfo: RuntimeInfo(platform=WINDOWS, version=17, build=31.12.2021 18.16)
08:47:42.047 [FXGL Background Thread 3 ] DEBUG Engine               - saveFileExt: sav
08:47:42.047 [FXGL Background Thread 3 ] DEBUG Engine               - scaledHeightProp$fxgl: DoubleProperty [bound, value: 1080.0]
08:47:42.047 [FXGL Background Thread 3 ] DEBUG Engine               - scaledWidthProp$fxgl: DoubleProperty [bound, value: 1920.0]
08:47:42.047 [FXGL Background Thread 3 ] DEBUG Engine               - sceneFactory: com.almasb.fxgl.app.scene.SceneFactory@223dddbd
08:47:42.047 [FXGL Background Thread 3 ] DEBUG Engine               - secondsIn24h: 60
08:47:42.047 [FXGL Background Thread 3 ] DEBUG Engine               - soundMenuBack: menu/back.wav
08:47:42.047 [FXGL Background Thread 3 ] DEBUG Engine               - soundMenuPress: menu/press.wav
08:47:42.047 [FXGL Background Thread 3 ] DEBUG Engine               - soundMenuSelect: menu/select.wav
08:47:42.048 [FXGL Background Thread 3 ] DEBUG Engine               - soundNotification: core/notification.wav
08:47:42.048 [FXGL Background Thread 3 ] DEBUG Engine               - stageStyle: DECORATED
08:47:42.048 [FXGL Background Thread 3 ] DEBUG Engine               - supportedLanguages: [ENGLISH, FRENCH, GERMAN, HUNGARIAN, RUSSIAN]
08:47:42.048 [FXGL Background Thread 3 ] DEBUG Engine               - ticksPerSecond: 60
08:47:42.048 [FXGL Background Thread 3 ] DEBUG Engine               - title: GameProject
08:47:42.048 [FXGL Background Thread 3 ] DEBUG Engine               - urlGithub: https://github.com/AlmasB/FXGL
08:47:42.048 [FXGL Background Thread 3 ] DEBUG Engine               - urlLeaderboard: http://fxgl-top.herokuapp.com/
08:47:42.048 [FXGL Background Thread 3 ] DEBUG Engine               - urlPOM: https://raw.githubusercontent.com/AlmasB/FXGL/release/README.md
08:47:42.048 [FXGL Background Thread 3 ] DEBUG Engine               - userAppClass: class com.gameproject.Main
08:47:42.048 [FXGL Background Thread 3 ] DEBUG Engine               - version: Alfa 0.8
08:47:42.048 [FXGL Background Thread 3 ] DEBUG Engine               - versionCheckDays: 7
08:47:42.048 [FXGL Background Thread 3 ] DEBUG Engine               - width: 1920
08:47:42.048 [FXGL Background Thread 3 ] DEBUG Engine               - Logging services
08:47:42.048 [FXGL Background Thread 3 ] DEBUG Engine               - class com.almasb.fxgl.app.services.FXGLAssetLoaderService
08:47:42.048 [FXGL Background Thread 3 ] DEBUG Engine               - class com.almasb.fxgl.app.FXGLApplication$GameApplicationService
08:47:42.048 [FXGL Background Thread 3 ] DEBUG Engine               - class com.almasb.fxgl.app.services.FXGLDialogService
08:47:42.049 [FXGL Background Thread 3 ] DEBUG Engine               - class com.almasb.fxgl.app.services.IOTaskExecutorService
08:47:42.049 [FXGL Background Thread 3 ] DEBUG Engine               - class com.almasb.fxgl.io.FileSystemService
08:47:42.049 [FXGL Background Thread 3 ] DEBUG Engine               - class com.almasb.fxgl.localization.LocalizationService
08:47:42.049 [FXGL Background Thread 3 ] DEBUG Engine               - class com.almasb.fxgl.app.services.SystemBundleService
08:47:42.049 [FXGL Background Thread 3 ] DEBUG Engine               - class com.almasb.fxgl.profile.SaveLoadService
08:47:42.049 [FXGL Background Thread 3 ] DEBUG Engine               - class com.almasb.fxgl.ui.FXGLUIFactoryServiceProvider
08:47:42.049 [FXGL Background Thread 3 ] DEBUG Engine               - class com.almasb.fxgl.ui.FXGLDialogFactoryServiceProvider
08:47:42.049 [FXGL Background Thread 3 ] DEBUG Engine               - class com.almasb.fxgl.audio.AudioPlayer
08:47:42.049 [FXGL Background Thread 3 ] DEBUG Engine               - class com.almasb.fxgl.notification.impl.NotificationServiceProvider
08:47:42.049 [FXGL Background Thread 3 ] DEBUG Engine               - class com.almasb.fxgl.achievement.AchievementService
08:47:42.049 [FXGL Background Thread 3 ] DEBUG Engine               - class com.almasb.fxgl.cutscene.CutsceneService
08:47:42.049 [FXGL Background Thread 3 ] DEBUG Engine               - class com.almasb.fxgl.minigames.MiniGameService
08:47:42.049 [FXGL Background Thread 3 ] DEBUG Engine               - class com.almasb.fxgl.net.NetService
08:47:42.049 [FXGL Background Thread 3 ] DEBUG Engine               - class com.almasb.fxgl.app.services.UpdaterService
08:47:42.049 [FXGL Background Thread 3 ] DEBUG Engine               - class com.almasb.fxgl.dev.DevService
08:47:44.413 [JavaFX Application Thread] DEBUG FXGLAssetLoaderServi - Loading from file system: file:/C:/Users/barto/IdeaProjects/IntroductionToFXGL-main/GameProject/target/classes/assets/textures/Enemy.png
08:52:34.469 [JavaFX Application Thread] DEBUG FXGLApplication      - Exiting FXGL
08:52:34.469 [JavaFX Application Thread] DEBUG LoopRunner           - Stopping loop
08:52:34.469 [JavaFX Application Thread] DEBUG SystemBundleService  - Saving FXGL system data
08:52:34.472 [JavaFX Application Thread] DEBUG FileSystemAccess     - Writing to: C:\Users\barto\IdeaProjects\IntroductionToFXGL-main\GameProject\system\fxgl.bundle
08:52:34.475 [JavaFX Application Thread] DEBUG Async                - Shutting down background threads
08:52:34.475 [JavaFX Application Thread] DEBUG PrimaryStageWindow   - Closing main window
08:52:34.517 [JavaFX Application Thread] DEBUG Logger               - Closing Logger
