11:37:20.453 [main                     ] DEBUG Logger               - Configured Logger
11:37:20.473 [main                     ] DEBUG GameApplication      - Logging settings
Title: GameProject
Version: Alfa 0.8
Width: 1920
Height: 1080
Fullscreen: true
Intro: false
Profiling: false
Single step:false
App Mode: DEVELOPER
Menu Key: ESCAPE
Stage Style: DECORATED
Scene Factory: class com.gameproject.factories.MenuFactory

11:37:20.708 [JavaFX Application Thread] DEBUG FXGLApplication      - Initializing FXGL
11:37:20.712 [JavaFX Application Thread] INFO  Engine               - FXGL-17 (31.12.2021 18.16) on WINDOWS (J:18.0.1.1 FX:18-ea)
11:37:20.712 [JavaFX Application Thread] DEBUG Engine               - JRE Vendor Name: Oracle Corporation
11:37:20.712 [JavaFX Application Thread] DEBUG Engine               - Running on OS: Windows 11 version 10.0
11:37:20.712 [JavaFX Application Thread] DEBUG Engine               - Architecture: amd64
11:37:20.712 [JavaFX Application Thread] INFO  Engine               - Source code and latest versions at: https://github.com/AlmasB/FXGL
11:37:20.712 [JavaFX Application Thread] INFO  Engine               -       Ask questions and discuss at: https://github.com/AlmasB/FXGL/discussions
11:37:20.713 [JavaFX Application Thread] INFO  Engine               -              Join the FXGL chat at: https://gitter.im/AlmasB/FXGL
11:37:20.771 [JavaFX Application Thread] DEBUG PrimaryStageWindow   - Creating a JavaFX scene
11:37:20.805 [JavaFX Application Thread] DEBUG PrimaryStageWindow   - Target settings size: 1920.0 x 1080.0
11:37:20.805 [JavaFX Application Thread] DEBUG PrimaryStageWindow   - Scaled scene size:    1920.0 x 1080.0
11:37:20.806 [JavaFX Application Thread] DEBUG PrimaryStageWindow   - Scaled ratio: (1.0, 1.0)
11:37:20.806 [JavaFX Application Thread] DEBUG PrimaryStageWindow   - Set initial scene to FXGLStartupScene
11:37:20.812 [JavaFX Application Thread] DEBUG PrimaryStageWindow   - Opening main window
11:37:20.873 [JavaFX Application Thread] DEBUG PrimaryStageWindow   - Window border size: (16.0, 39.0)
11:37:20.873 [JavaFX Application Thread] DEBUG PrimaryStageWindow   - Scaled size: 1920.0 x 1080.0
11:37:20.873 [JavaFX Application Thread] DEBUG PrimaryStageWindow   - Scaled ratio: (1.0, 1.0)
11:37:20.874 [JavaFX Application Thread] DEBUG PrimaryStageWindow   - Scene size: 1920.0 x 1080.0
11:37:20.874 [JavaFX Application Thread] DEBUG PrimaryStageWindow   - Stage size: 1936.0 x 1119.0
11:37:20.937 [JavaFX Application Thread] DEBUG PrimaryStageWindow   - Going fullscreen
11:37:20.944 [FXGL Background Thread 1 ] DEBUG Engine               - Initializing environment variables
11:37:20.979 [FXGL Background Thread 1 ] DEBUG FXGLAssetLoaderServi - User app class for loading assets: class com.gameproject.Main
11:37:20.979 [FXGL Background Thread 1 ] DEBUG GameApplicationServi - Applying CSS: fxgl_dark.css
11:37:20.979 [FXGL Background Thread 1 ] DEBUG FXGLAssetLoaderServi - Loading from file system: jar:file:///C:/Users/barto/.m2/repository/com/github/almasb/fxgl/17/fxgl-17.jar!/fxglassets/ui/css/fxgl_dark.css
11:37:21.007 [FXGL Background Thread 1 ] DEBUG GameApplicationServi - Initializing application scenes
11:37:21.031 [FXGL Background Thread 1 ] DEBUG GameWorld            - Game world initialized
11:37:21.083 [FXGL Background Thread 1 ] DEBUG PhysicsWorld         - Physics world initialized: appHeight=1080, physics.ppm=50,0
11:37:21.083 [FXGL Background Thread 1 ] DEBUG PhysicsWorld         - Using strategy: BRUTE_FORCE
11:37:21.085 [FXGL Background Thread 1 ] DEBUG GameScene            - Game scene initialized: 1920x1080
11:37:21.086 [FXGL Background Thread 1 ] DEBUG GameApplicationServi - Application scenes initialized
11:37:21.099 [FXGL Background Thread 1 ] DEBUG SystemBundleService  - Loading FXGL system data
11:37:21.101 [FXGL Background Thread 1 ] DEBUG FileSystemAccess     - Reading from: C:\Users\barto\IdeaProjects\IntroductionToFXGL-main\GameProject\system\fxgl.bundle
11:37:21.108 [FXGL Background Thread 1 ] DEBUG SystemBundleService  - Bundle FXGL: {}
11:37:21.109 [FXGL Background Thread 1 ] DEBUG UpdaterService       - Checking for updates
11:37:21.112 [FXGL Background Thread 4 ] DEBUG FXGLApplication      - Loading fonts
11:37:21.113 [FXGL Background Thread 1 ] DEBUG FXGLApplication      - Loading default localization
11:37:21.113 [FXGL Background Thread 4 ] DEBUG FXGLAssetLoaderServi - Loading from file system: jar:file:///C:/Users/barto/.m2/repository/com/github/almasb/fxgl/17/fxgl-17.jar!/fxglassets/ui/fonts/VarelaRound-Regular.ttf
11:37:21.113 [FXGL Background Thread 1 ] DEBUG FXGLAssetLoaderServi - Loading from file system: jar:file:///C:/Users/barto/.m2/repository/com/github/almasb/fxgl/17/fxgl-17.jar!/fxglassets/languages/english.lang
11:37:21.126 [FXGL Background Thread 1 ] INFO  FXGLApplication      - FXGL initialization took: 0,182 sec
11:37:21.135 [JavaFX Application Thread] DEBUG Input                - Registered new binding: Left - A
11:37:21.135 [JavaFX Application Thread] DEBUG Input                - Registered new binding: Right - D
11:37:21.135 [JavaFX Application Thread] DEBUG Input                - Registered new binding: Top - W
11:37:21.135 [JavaFX Application Thread] DEBUG Input                - Registered new binding: Bottom - S
11:37:21.135 [JavaFX Application Thread] DEBUG FXGLAssetLoaderServi - Loading from file system: jar:file:///C:/Users/barto/.m2/repository/com/github/almasb/fxgl/17/fxgl-17.jar!/fxglassets/textures/fxgl_icon.png
11:37:21.172 [FXGL Background Thread 4 ] DEBUG FXGLAssetLoaderServi - Loading from file system: jar:file:///C:/Users/barto/.m2/repository/com/github/almasb/fxgl/17/fxgl-17.jar!/fxglassets/ui/fonts/Abel-Regular.ttf
11:37:21.175 [FXGL Background Thread 4 ] DEBUG FXGLAssetLoaderServi - Loading from file system: jar:file:///C:/Users/barto/.m2/repository/com/github/almasb/fxgl/17/fxgl-17.jar!/fxglassets/ui/fonts/TerminalLandMono-Regular.otf
11:37:21.179 [FXGL Background Thread 4 ] DEBUG FXGLAssetLoaderServi - Loading from file system: jar:file:///C:/Users/barto/.m2/repository/com/github/almasb/fxgl/17/fxgl-17.jar!/fxglassets/ui/fonts/Courier-Prime.ttf
11:37:21.180 [JavaFX Application Thread] DEBUG FXGLAssetLoaderServi - Loading from file system: jar:file:///C:/Users/barto/.m2/repository/com/github/almasb/fxgl/17/fxgl-17.jar!/fxglassets/textures/fxgl_default_cursor.png
11:37:21.183 [JavaFX Application Thread] DEBUG Input                - Registered new binding: Screenshot - CTRL+8
11:37:21.183 [JavaFX Application Thread] DEBUG Input                - Registered new binding: System info dump - CTRL+9
11:37:21.183 [JavaFX Application Thread] DEBUG Input                - Registered new binding: Restart - CTRL+R
11:37:21.184 [JavaFX Application Thread] DEBUG Input                - Registered new binding: Toggle Debug Camera - CTRL+7
11:37:21.188 [JavaFX Application Thread] DEBUG LoopRunner           - Starting loop
11:37:21.188 [JavaFX Application Thread] DEBUG LoopRunner           - Initializing ScheduledExecutorLoop with fps: 60
11:37:21.189 [JavaFX Application Thread] DEBUG GameApplicationServi - Starting new game
11:37:21.190 [JavaFX Application Thread] DEBUG Input                - Clearing active input actions
11:37:21.200 [JavaFX Application Thread] DEBUG GameApplicationServi - Removing overlay from FXGLStartupScene and adding to FXGLLoadingScene
11:37:21.201 [JavaFX Application Thread] DEBUG PrimaryStageWindow   - FXGLStartupScene -> FXGLLoadingScene
11:37:21.201 [JavaFX Application Thread] DEBUG GameApplicationServi - Clearing previous game
11:37:21.201 [JavaFX Application Thread] DEBUG GameScene            - Clearing game scene
11:37:21.201 [JavaFX Application Thread] DEBUG GameWorld            - Clearing game world
11:37:21.201 [JavaFX Application Thread] DEBUG PhysicsWorld         - Clearing physics world
11:37:21.202 [JavaFX Application Thread] DEBUG FXGLApplication      - Registering font factories with UI factory
11:37:21.218 [FXGL Background Thread 4 ] DEBUG FXGLAssetLoaderServi - Loading from file system: file:/C:/Users/barto/IdeaProjects/IntroductionToFXGL-main/GameProject/target/classes/assets/textures/Player1/Texture.png
11:37:21.221 [FXGL Background Thread 4 ] DEBUG FXGLAssetLoaderServi - Loading from file system: file:/C:/Users/barto/IdeaProjects/IntroductionToFXGL-main/GameProject/target/classes/assets/textures/Player1/TextureMove.png
11:37:21.260 [FXGL Background Thread 4 ] DEBUG FXGLAssetLoaderServi - Loading from file system: file:/C:/Users/barto/IdeaProjects/IntroductionToFXGL-main/GameProject/target/classes/assets/textures/Terrain.png
11:37:21.337 [FXGL Background Thread 4 ] DEBUG FXGLAssetLoaderServi - Loading from file system: file:/C:/Users/barto/IdeaProjects/IntroductionToFXGL-main/GameProject/target/classes/assets/textures/Chest.png
11:37:21.395 [FXGL Background Thread 4 ] DEBUG FXGLAssetLoaderServi - Loading from file system: file:/C:/Users/barto/IdeaProjects/IntroductionToFXGL-main/GameProject/target/classes/assets/textures/Items/Item1Texture.png
11:37:21.396 [FXGL Background Thread 4 ] DEBUG FXGLAssetLoaderServi - Loading from file system: file:/C:/Users/barto/IdeaProjects/IntroductionToFXGL-main/GameProject/target/classes/assets/textures/Items/Item2Texture.png
11:37:21.397 [FXGL Background Thread 4 ] DEBUG FXGLAssetLoaderServi - Loading from file system: file:/C:/Users/barto/IdeaProjects/IntroductionToFXGL-main/GameProject/target/classes/assets/textures/Items/Item3Texture.png
11:37:21.415 [FXGL Background Thread 4 ] INFO  FXGLApplication      - Game initialization took: 0,212 sec
11:37:21.415 [JavaFX Application Thread] DEBUG Input                - Clearing active input actions
11:37:21.456 [JavaFX Application Thread] DEBUG GameApplicationServi - Removing overlay from FXGLLoadingScene and adding to GameScene
11:37:21.456 [JavaFX Application Thread] DEBUG PrimaryStageWindow   - FXGLLoadingScene -> GameScene
11:37:21.580 [JavaFX Application Thread] DEBUG FXGLAssetLoaderServi - Loading from file system: file:/C:/Users/barto/IdeaProjects/IntroductionToFXGL-main/GameProject/target/classes/assets/textures/Attack.png
11:37:21.710 [FXGL Background Thread 2 ] INFO  UpdaterService       - Your current version:  17
11:37:21.710 [FXGL Background Thread 2 ] INFO  UpdaterService       - Latest stable version: 17.1
11:37:22.417 [JavaFX Application Thread] DEBUG PrimaryStageWindow   - Push state: Menu
11:37:22.417 [JavaFX Application Thread] DEBUG Input                - Clearing active input actions
11:37:22.418 [JavaFX Application Thread] DEBUG GameApplicationServi - Removing overlay from GameScene and adding to Menu
11:37:22.418 [JavaFX Application Thread] DEBUG PrimaryStageWindow   - GameScene -> Menu
11:37:23.075 [JavaFX Application Thread] DEBUG PrimaryStageWindow   - Pop state: Menu
11:37:23.075 [JavaFX Application Thread] DEBUG Input                - Clearing active input actions
11:37:23.075 [JavaFX Application Thread] DEBUG GameApplicationServi - Removing overlay from Menu and adding to GameScene
11:37:23.076 [JavaFX Application Thread] DEBUG PrimaryStageWindow   - GameScene <- Menu
11:37:23.285 [JavaFX Application Thread] DEBUG PrimaryStageWindow   - Push state: Menu
11:37:23.285 [JavaFX Application Thread] DEBUG Input                - Clearing active input actions
11:37:23.285 [JavaFX Application Thread] DEBUG GameApplicationServi - Removing overlay from GameScene and adding to Menu
11:37:23.285 [JavaFX Application Thread] DEBUG PrimaryStageWindow   - GameScene -> Menu
11:37:23.475 [JavaFX Application Thread] DEBUG PrimaryStageWindow   - Pop state: Menu
11:37:23.476 [JavaFX Application Thread] DEBUG Input                - Clearing active input actions
11:37:23.476 [JavaFX Application Thread] DEBUG GameApplicationServi - Removing overlay from Menu and adding to GameScene
11:37:23.476 [JavaFX Application Thread] DEBUG PrimaryStageWindow   - GameScene <- Menu
11:37:23.682 [JavaFX Application Thread] DEBUG PrimaryStageWindow   - Push state: Menu
11:37:23.682 [JavaFX Application Thread] DEBUG Input                - Clearing active input actions
11:37:23.682 [JavaFX Application Thread] DEBUG GameApplicationServi - Removing overlay from GameScene and adding to Menu
11:37:23.682 [JavaFX Application Thread] DEBUG PrimaryStageWindow   - GameScene -> Menu
11:37:24.112 [FXGL Background Thread 3 ] DEBUG Engine               - Logging environment variables
11:37:24.113 [FXGL Background Thread 3 ] DEBUG Engine               - achievements: []
11:37:24.113 [FXGL Background Thread 3 ] DEBUG Engine               - actualHeight: 1080.0
11:37:24.113 [FXGL Background Thread 3 ] DEBUG Engine               - actualHeightProperty: ReadOnlyDoubleProperty [value: 1080.0]
11:37:24.113 [FXGL Background Thread 3 ] DEBUG Engine               - actualWidth: 1920.0
11:37:24.114 [FXGL Background Thread 3 ] DEBUG Engine               - actualWidthProperty: ReadOnlyDoubleProperty [value: 1920.0]
11:37:24.114 [FXGL Background Thread 3 ] DEBUG Engine               - appIcon: fxgl_icon.png
11:37:24.114 [FXGL Background Thread 3 ] DEBUG Engine               - applicationMode: DEVELOPER
11:37:24.114 [FXGL Background Thread 3 ] DEBUG Engine               - cSSList: [fxgl_dark.css]
11:37:24.114 [FXGL Background Thread 3 ] DEBUG Engine               - collisionDetectionStrategy: BRUTE_FORCE
11:37:24.114 [FXGL Background Thread 3 ] DEBUG Engine               - configClass: Optional[class com.gameproject.config.GameConfig]
11:37:24.114 [FXGL Background Thread 3 ] DEBUG Engine               - credits: []
11:37:24.116 [FXGL Background Thread 3 ] DEBUG Engine               - defaultCursor: CursorInfo(imageName=fxgl_default_cursor.png, hotspotX=7.0, hotspotY=6.0)
11:37:24.117 [FXGL Background Thread 3 ] DEBUG Engine               - devBBoxColorProperty: ObjectProperty [value: 0xff0000ff]
11:37:24.118 [FXGL Background Thread 3 ] DEBUG Engine               - devEnableDebugCameraProperty: BooleanProperty [value: false]
11:37:24.118 [FXGL Background Thread 3 ] DEBUG Engine               - devSensorColorProperty: ObjectProperty [value: 0xffff00ff]
11:37:24.118 [FXGL Background Thread 3 ] DEBUG Engine               - devShowBBoxProperty: BooleanProperty [value: false]
11:37:24.118 [FXGL Background Thread 3 ] DEBUG Engine               - devShowPositionProperty: BooleanProperty [value: false]
11:37:24.118 [FXGL Background Thread 3 ] DEBUG Engine               - enabledMenuItems: []
11:37:24.118 [FXGL Background Thread 3 ] DEBUG Engine               - engineServices: [class com.almasb.fxgl.app.services.FXGLAssetLoaderService, class com.almasb.fxgl.app.FXGLApplication$GameApplicationService, class com.almasb.fxgl.app.services.FXGLDialogService, class com.almasb.fxgl.app.services.IOTaskExecutorService, class com.almasb.fxgl.io.FileSystemService, class com.almasb.fxgl.localization.LocalizationService, class com.almasb.fxgl.app.services.SystemBundleService, class com.almasb.fxgl.profile.SaveLoadService, class com.almasb.fxgl.ui.FXGLUIFactoryServiceProvider, class com.almasb.fxgl.ui.FXGLDialogFactoryServiceProvider, class com.almasb.fxgl.audio.AudioPlayer, class com.almasb.fxgl.notification.impl.NotificationServiceProvider, class com.almasb.fxgl.achievement.AchievementService, class com.almasb.fxgl.cutscene.CutsceneService, class com.almasb.fxgl.minigames.MiniGameService, class com.almasb.fxgl.net.NetService, class com.almasb.fxgl.app.services.UpdaterService, class com.almasb.fxgl.dev.DevService]
11:37:24.118 [FXGL Background Thread 3 ] DEBUG Engine               - fontGame: Abel-Regular.ttf
11:37:24.118 [FXGL Background Thread 3 ] DEBUG Engine               - fontMono: TerminalLandMono-Regular.otf
11:37:24.118 [FXGL Background Thread 3 ] DEBUG Engine               - fontText: Courier-Prime.ttf
11:37:24.118 [FXGL Background Thread 3 ] DEBUG Engine               - fontUI: VarelaRound-Regular.ttf
11:37:24.119 [FXGL Background Thread 3 ] DEBUG Engine               - fullScreen: BooleanProperty [value: true]
11:37:24.119 [FXGL Background Thread 3 ] DEBUG Engine               - gameDifficulty: MEDIUM
11:37:24.119 [FXGL Background Thread 3 ] DEBUG Engine               - gameDifficultyProperty: ObjectProperty [value: MEDIUM]
11:37:24.119 [FXGL Background Thread 3 ] DEBUG Engine               - globalMusicVolume: 0.5
11:37:24.119 [FXGL Background Thread 3 ] DEBUG Engine               - globalMusicVolumeProperty: DoubleProperty [value: 0.5]
11:37:24.119 [FXGL Background Thread 3 ] DEBUG Engine               - globalSoundVolume: 0.5
11:37:24.119 [FXGL Background Thread 3 ] DEBUG Engine               - globalSoundVolumeProperty: DoubleProperty [value: 0.5]
11:37:24.119 [FXGL Background Thread 3 ] DEBUG Engine               - height: 1080
11:37:24.119 [FXGL Background Thread 3 ] DEBUG Engine               - is3D: false
11:37:24.120 [FXGL Background Thread 3 ] DEBUG Engine               - isAndroid: false
11:37:24.120 [FXGL Background Thread 3 ] DEBUG Engine               - isBrowser: false
11:37:24.120 [FXGL Background Thread 3 ] DEBUG Engine               - isClickFeedbackEnabled: false
11:37:24.120 [FXGL Background Thread 3 ] DEBUG Engine               - isCloseConfirmation: false
11:37:24.120 [FXGL Background Thread 3 ] DEBUG Engine               - isDesktop: true
11:37:24.120 [FXGL Background Thread 3 ] DEBUG Engine               - isDeveloperMenuEnabled: false
11:37:24.120 [FXGL Background Thread 3 ] DEBUG Engine               - isEmbedded: false
11:37:24.120 [FXGL Background Thread 3 ] DEBUG Engine               - isEntityPreloadEnabled: true
11:37:24.120 [FXGL Background Thread 3 ] DEBUG Engine               - isExperimentalTiledLargeMap: false
11:37:24.120 [FXGL Background Thread 3 ] DEBUG Engine               - isFileSystemWriteAllowed: true
11:37:24.120 [FXGL Background Thread 3 ] DEBUG Engine               - isFullScreenAllowed: true
11:37:24.120 [FXGL Background Thread 3 ] DEBUG Engine               - isFullScreenFromStart: true
11:37:24.120 [FXGL Background Thread 3 ] DEBUG Engine               - isGameMenuEnabled: true
11:37:24.120 [FXGL Background Thread 3 ] DEBUG Engine               - isIOS: false
11:37:24.120 [FXGL Background Thread 3 ] DEBUG Engine               - isIntroEnabled: false
11:37:24.120 [FXGL Background Thread 3 ] DEBUG Engine               - isLinux: false
11:37:24.121 [FXGL Background Thread 3 ] DEBUG Engine               - isMac: false
11:37:24.121 [FXGL Background Thread 3 ] DEBUG Engine               - isMainMenuEnabled: false
11:37:24.121 [FXGL Background Thread 3 ] DEBUG Engine               - isManualResizeEnabled: false
11:37:24.121 [FXGL Background Thread 3 ] DEBUG Engine               - isMobile: false
11:37:24.121 [FXGL Background Thread 3 ] DEBUG Engine               - isNative: false
11:37:24.121 [FXGL Background Thread 3 ] DEBUG Engine               - isPauseMusicWhenMinimized: true
11:37:24.121 [FXGL Background Thread 3 ] DEBUG Engine               - isPreserveResizeRatio: false
11:37:24.121 [FXGL Background Thread 3 ] DEBUG Engine               - isProfilingEnabled: false
11:37:24.121 [FXGL Background Thread 3 ] DEBUG Engine               - isScaleAffectedOnResize: true
11:37:24.121 [FXGL Background Thread 3 ] DEBUG Engine               - isSingleStep: false
11:37:24.121 [FXGL Background Thread 3 ] DEBUG Engine               - isUserProfileEnabled: false
11:37:24.121 [FXGL Background Thread 3 ] DEBUG Engine               - isWindows: true
11:37:24.121 [FXGL Background Thread 3 ] DEBUG Engine               - language: ObjectProperty [value: ENGLISH]
11:37:24.121 [FXGL Background Thread 3 ] DEBUG Engine               - menuKey: ESCAPE
11:37:24.121 [FXGL Background Thread 3 ] DEBUG Engine               - mouseSensitivity: 0.2
11:37:24.121 [FXGL Background Thread 3 ] DEBUG Engine               - notificationViewClass: class com.almasb.fxgl.notification.view.XboxNotificationView
11:37:24.121 [FXGL Background Thread 3 ] DEBUG Engine               - pixelsPerMeter: 50.0
11:37:24.121 [FXGL Background Thread 3 ] DEBUG Engine               - platform: WINDOWS
11:37:24.122 [FXGL Background Thread 3 ] DEBUG Engine               - prefHeightProperty: ReadOnlyDoubleProperty [value: 1080.0]
11:37:24.122 [FXGL Background Thread 3 ] DEBUG Engine               - prefWidthProperty: ReadOnlyDoubleProperty [value: 1920.0]
11:37:24.122 [FXGL Background Thread 3 ] DEBUG Engine               - profileDir: profiles/
11:37:24.122 [FXGL Background Thread 3 ] DEBUG Engine               - profileName: StringProperty [value: DEFAULT]
11:37:24.122 [FXGL Background Thread 3 ] DEBUG Engine               - randomSeed: -1
11:37:24.122 [FXGL Background Thread 3 ] DEBUG Engine               - runtimeInfo: RuntimeInfo(platform=WINDOWS, version=17, build=31.12.2021 18.16)
11:37:24.122 [FXGL Background Thread 3 ] DEBUG Engine               - saveFileExt: sav
11:37:24.122 [FXGL Background Thread 3 ] DEBUG Engine               - scaledHeightProp$fxgl: DoubleProperty [bound, value: 1080.0]
11:37:24.122 [FXGL Background Thread 3 ] DEBUG Engine               - scaledWidthProp$fxgl: DoubleProperty [bound, value: 1920.0]
11:37:24.123 [FXGL Background Thread 3 ] DEBUG Engine               - sceneFactory: com.gameproject.factories.MenuFactory@30f95c47
11:37:24.123 [FXGL Background Thread 3 ] DEBUG Engine               - secondsIn24h: 60
11:37:24.123 [FXGL Background Thread 3 ] DEBUG Engine               - soundMenuBack: menu/back.wav
11:37:24.123 [FXGL Background Thread 3 ] DEBUG Engine               - soundMenuPress: menu/press.wav
11:37:24.123 [FXGL Background Thread 3 ] DEBUG Engine               - soundMenuSelect: menu/select.wav
11:37:24.123 [FXGL Background Thread 3 ] DEBUG Engine               - soundNotification: core/notification.wav
11:37:24.123 [FXGL Background Thread 3 ] DEBUG Engine               - stageStyle: DECORATED
11:37:24.123 [FXGL Background Thread 3 ] DEBUG Engine               - supportedLanguages: [ENGLISH, FRENCH, GERMAN, HUNGARIAN, RUSSIAN]
11:37:24.123 [FXGL Background Thread 3 ] DEBUG Engine               - ticksPerSecond: 60
11:37:24.123 [FXGL Background Thread 3 ] DEBUG Engine               - title: GameProject
11:37:24.123 [FXGL Background Thread 3 ] DEBUG Engine               - urlGithub: https://github.com/AlmasB/FXGL
11:37:24.123 [FXGL Background Thread 3 ] DEBUG Engine               - urlLeaderboard: http://fxgl-top.herokuapp.com/
11:37:24.123 [FXGL Background Thread 3 ] DEBUG Engine               - urlPOM: https://raw.githubusercontent.com/AlmasB/FXGL/release/README.md
11:37:24.123 [FXGL Background Thread 3 ] DEBUG Engine               - userAppClass: class com.gameproject.Main
11:37:24.123 [FXGL Background Thread 3 ] DEBUG Engine               - version: Alfa 0.8
11:37:24.123 [FXGL Background Thread 3 ] DEBUG Engine               - versionCheckDays: 7
11:37:24.123 [FXGL Background Thread 3 ] DEBUG Engine               - width: 1920
11:37:24.123 [FXGL Background Thread 3 ] DEBUG Engine               - Logging services
11:37:24.123 [FXGL Background Thread 3 ] DEBUG Engine               - class com.almasb.fxgl.app.services.FXGLAssetLoaderService
11:37:24.123 [FXGL Background Thread 3 ] DEBUG Engine               - class com.almasb.fxgl.app.FXGLApplication$GameApplicationService
11:37:24.123 [FXGL Background Thread 3 ] DEBUG Engine               - class com.almasb.fxgl.app.services.FXGLDialogService
11:37:24.123 [FXGL Background Thread 3 ] DEBUG Engine               - class com.almasb.fxgl.app.services.IOTaskExecutorService
11:37:24.123 [FXGL Background Thread 3 ] DEBUG Engine               - class com.almasb.fxgl.io.FileSystemService
11:37:24.123 [FXGL Background Thread 3 ] DEBUG Engine               - class com.almasb.fxgl.localization.LocalizationService
11:37:24.123 [FXGL Background Thread 3 ] DEBUG Engine               - class com.almasb.fxgl.app.services.SystemBundleService
11:37:24.123 [FXGL Background Thread 3 ] DEBUG Engine               - class com.almasb.fxgl.profile.SaveLoadService
11:37:24.123 [FXGL Background Thread 3 ] DEBUG Engine               - class com.almasb.fxgl.ui.FXGLUIFactoryServiceProvider
11:37:24.123 [FXGL Background Thread 3 ] DEBUG Engine               - class com.almasb.fxgl.ui.FXGLDialogFactoryServiceProvider
11:37:24.124 [FXGL Background Thread 3 ] DEBUG Engine               - class com.almasb.fxgl.audio.AudioPlayer
11:37:24.124 [FXGL Background Thread 3 ] DEBUG Engine               - class com.almasb.fxgl.notification.impl.NotificationServiceProvider
11:37:24.124 [FXGL Background Thread 3 ] DEBUG Engine               - class com.almasb.fxgl.achievement.AchievementService
11:37:24.124 [FXGL Background Thread 3 ] DEBUG Engine               - class com.almasb.fxgl.cutscene.CutsceneService
11:37:24.124 [FXGL Background Thread 3 ] DEBUG Engine               - class com.almasb.fxgl.minigames.MiniGameService
11:37:24.124 [FXGL Background Thread 3 ] DEBUG Engine               - class com.almasb.fxgl.net.NetService
11:37:24.124 [FXGL Background Thread 3 ] DEBUG Engine               - class com.almasb.fxgl.app.services.UpdaterService
11:37:24.124 [FXGL Background Thread 3 ] DEBUG Engine               - class com.almasb.fxgl.dev.DevService
11:37:27.981 [JavaFX Application Thread] DEBUG PrimaryStageWindow   - Pop state: Menu
11:37:27.982 [JavaFX Application Thread] DEBUG Input                - Clearing active input actions
11:37:27.982 [JavaFX Application Thread] DEBUG GameApplicationServi - Removing overlay from Menu and adding to GameScene
11:37:27.982 [JavaFX Application Thread] DEBUG PrimaryStageWindow   - GameScene <- Menu
11:37:31.591 [JavaFX Application Thread] DEBUG FXGLAssetLoaderServi - Loading from file system: file:/C:/Users/barto/IdeaProjects/IntroductionToFXGL-main/GameProject/target/classes/assets/textures/Enemy.png
11:37:32.982 [JavaFX Application Thread] DEBUG PrimaryStageWindow   - Push state: Menu
11:37:32.982 [JavaFX Application Thread] DEBUG Input                - Clearing active input actions
11:37:32.982 [JavaFX Application Thread] DEBUG GameApplicationServi - Removing overlay from GameScene and adding to Menu
11:37:32.982 [JavaFX Application Thread] DEBUG PrimaryStageWindow   - GameScene -> Menu
11:37:36.512 [JavaFX Application Thread] DEBUG PrimaryStageWindow   - Pop state: Menu
11:37:36.512 [JavaFX Application Thread] DEBUG Input                - Clearing active input actions
11:37:36.513 [JavaFX Application Thread] DEBUG GameApplicationServi - Removing overlay from Menu and adding to GameScene
11:37:36.513 [JavaFX Application Thread] DEBUG PrimaryStageWindow   - GameScene <- Menu
11:37:39.888 [JavaFX Application Thread] DEBUG PrimaryStageWindow   - Push state: Menu
11:37:39.888 [JavaFX Application Thread] DEBUG Input                - Clearing active input actions
11:37:39.888 [JavaFX Application Thread] DEBUG GameApplicationServi - Removing overlay from GameScene and adding to Menu
11:37:39.888 [JavaFX Application Thread] DEBUG PrimaryStageWindow   - GameScene -> Menu
11:37:41.942 [JavaFX Application Thread] DEBUG PrimaryStageWindow   - Pop state: Menu
11:37:41.943 [JavaFX Application Thread] DEBUG Input                - Clearing active input actions
11:37:41.943 [JavaFX Application Thread] DEBUG GameApplicationServi - Removing overlay from Menu and adding to GameScene
11:37:41.943 [JavaFX Application Thread] DEBUG PrimaryStageWindow   - GameScene <- Menu
11:37:56.607 [JavaFX Application Thread] DEBUG FXGLApplication      - Exiting FXGL
11:37:56.607 [JavaFX Application Thread] DEBUG LoopRunner           - Stopping loop
11:37:56.608 [JavaFX Application Thread] DEBUG SystemBundleService  - Saving FXGL system data
11:37:56.611 [JavaFX Application Thread] DEBUG FileSystemAccess     - Writing to: C:\Users\barto\IdeaProjects\IntroductionToFXGL-main\GameProject\system\fxgl.bundle
11:37:56.613 [JavaFX Application Thread] DEBUG Async                - Shutting down background threads
11:37:56.613 [JavaFX Application Thread] DEBUG PrimaryStageWindow   - Closing main window
11:37:56.624 [JavaFX Application Thread] DEBUG Logger               - Closing Logger
