22:38:22.931 [main                     ] DEBUG Logger               - Configured Logger
22:38:22.955 [main                     ] DEBUG GameApplication      - Logging settings
Title: GameProject
Version: Alfa 0.8
Width: 1920
Height: 1080
Fullscreen: true
Intro: false
Profiling: false
Single step:false
App Mode: DEVELOPER
Menu Key: ESCAPE
Stage Style: DECORATED
Scene Factory: class com.almasb.fxgl.app.scene.SceneFactory

22:38:23.778 [JavaFX Application Thread] DEBUG FXGLApplication      - Initializing FXGL
22:38:23.782 [JavaFX Application Thread] INFO  Engine               - FXGL-17.1 (24.03.2022 17.34) on WINDOWS (J:19.0.2 FX:18.0.1)
22:38:23.782 [JavaFX Application Thread] DEBUG Engine               - JRE Vendor Name: Oracle Corporation
22:38:23.783 [JavaFX Application Thread] DEBUG Engine               - Running on OS: Windows 10 version 10.0
22:38:23.783 [JavaFX Application Thread] DEBUG Engine               - Architecture: amd64
22:38:23.783 [JavaFX Application Thread] INFO  Engine               - Source code and latest versions at: https://github.com/AlmasB/FXGL
22:38:23.783 [JavaFX Application Thread] INFO  Engine               -       Ask questions and discuss at: https://github.com/AlmasB/FXGL/discussions
22:38:23.783 [JavaFX Application Thread] INFO  Engine               -              Join the FXGL chat at: https://gitter.im/AlmasB/FXGL
22:38:23.861 [JavaFX Application Thread] DEBUG PrimaryStageWindow   - Creating a JavaFX scene
22:38:23.923 [JavaFX Application Thread] DEBUG PrimaryStageWindow   - Target settings size: 1920.0 x 1080.0
22:38:23.923 [JavaFX Application Thread] DEBUG PrimaryStageWindow   - Scaled scene size:    1920.0 x 1080.0
22:38:23.923 [JavaFX Application Thread] DEBUG PrimaryStageWindow   - Scaled ratio: (1.0, 1.0)
22:38:23.924 [JavaFX Application Thread] DEBUG PrimaryStageWindow   - Set initial scene to FXGLStartupScene
22:38:23.931 [JavaFX Application Thread] DEBUG PrimaryStageWindow   - Opening main window
22:38:24.000 [JavaFX Application Thread] DEBUG PrimaryStageWindow   - Window border size: (16.0, 39.0)
22:38:24.000 [JavaFX Application Thread] DEBUG PrimaryStageWindow   - Scaled size: 1920.0 x 1080.0
22:38:24.000 [JavaFX Application Thread] DEBUG PrimaryStageWindow   - Scaled ratio: (1.0, 1.0)
22:38:24.000 [JavaFX Application Thread] DEBUG PrimaryStageWindow   - Scene size: 1920.0 x 1080.0
22:38:24.001 [JavaFX Application Thread] DEBUG PrimaryStageWindow   - Stage size: 1936.0 x 1119.0
22:38:24.047 [JavaFX Application Thread] DEBUG PrimaryStageWindow   - Going fullscreen
22:38:24.053 [FXGL Background Thread 1 ] DEBUG Engine               - Initializing environment variables
22:38:24.090 [FXGL Background Thread 1 ] DEBUG FXGLAssetLoaderServi - User app class for loading assets: class com.gameproject.Main
22:38:24.090 [FXGL Background Thread 1 ] DEBUG GameApplicationServi - Applying CSS: fxgl_dark.css
22:38:24.091 [FXGL Background Thread 1 ] DEBUG FXGLAssetLoaderServi - Loading from file system: jar:file:///C:/Users/barto/.m2/repository/com/github/almasb/fxgl/17.1/fxgl-17.1.jar!/fxglassets/ui/css/fxgl_dark.css
22:38:24.127 [FXGL Background Thread 1 ] DEBUG GameApplicationServi - Initializing application scenes
22:38:24.154 [FXGL Background Thread 1 ] DEBUG GameWorld            - Game world initialized
22:38:24.213 [FXGL Background Thread 1 ] DEBUG PhysicsWorld         - Physics world initialized: appHeight=1080, physics.ppm=50,0
22:38:24.213 [FXGL Background Thread 1 ] DEBUG PhysicsWorld         - Using strategy: BRUTE_FORCE
22:38:24.216 [FXGL Background Thread 1 ] DEBUG GameScene            - Game scene initialized: 1920x1080
22:38:24.226 [FXGL Background Thread 1 ] DEBUG FXGL.DefaultMenu     - createMenuBodyGameMenu()
22:38:24.237 [FXGL Background Thread 1 ] DEBUG FXGL.DefaultMenu     - createOptionsMenu()
22:38:24.246 [FXGL Background Thread 1 ] DEBUG FXGLAssetLoaderServi - Loading from file system: jar:file:///C:/Users/barto/.m2/repository/com/github/almasb/fxgl/17.1/fxgl-17.1.jar!/fxglassets/textures/particles/smoke.png
22:38:24.323 [FXGL Background Thread 1 ] DEBUG FXGLAssetLoaderServi - Loading from file system: jar:file:///C:/Users/barto/.m2/repository/com/github/almasb/fxgl/17.1/fxgl-17.1.jar!/fxglassets/textures/particles/trace_horizontal.png
22:38:24.351 [FXGL Background Thread 1 ] DEBUG GameApplicationServi - Application scenes initialized
22:38:24.362 [FXGL Background Thread 1 ] DEBUG SystemBundleService  - Loading FXGL system data
22:38:24.366 [FXGL Background Thread 1 ] DEBUG FileSystemAccess     - Reading from: G:\Reszta\GameProject\system\fxgl.bundle
22:38:24.373 [FXGL Background Thread 1 ] DEBUG SystemBundleService  - Bundle FXGL: {}
22:38:24.374 [FXGL Background Thread 1 ] DEBUG UpdaterService       - Checking for updates
22:38:24.377 [FXGL Background Thread 4 ] DEBUG FXGLApplication      - Loading fonts
22:38:24.377 [FXGL Background Thread 1 ] DEBUG FXGLApplication      - Loading default localization
22:38:24.377 [FXGL Background Thread 4 ] DEBUG FXGLAssetLoaderServi - Loading from file system: jar:file:///C:/Users/barto/.m2/repository/com/github/almasb/fxgl/17.1/fxgl-17.1.jar!/fxglassets/ui/fonts/VarelaRound-Regular.ttf
22:38:24.378 [FXGL Background Thread 1 ] DEBUG FXGLAssetLoaderServi - Loading from file system: jar:file:///C:/Users/barto/.m2/repository/com/github/almasb/fxgl/17.1/fxgl-17.1.jar!/fxglassets/languages/english.lang
22:38:24.392 [FXGL Background Thread 1 ] INFO  FXGLApplication      - FXGL initialization took: 0,339 sec
22:38:24.401 [JavaFX Application Thread] DEBUG Input                - Registered new binding: Left - A
22:38:24.402 [JavaFX Application Thread] DEBUG Input                - Registered new binding: Right - D
22:38:24.402 [JavaFX Application Thread] DEBUG Input                - Registered new binding: Top - W
22:38:24.402 [JavaFX Application Thread] DEBUG Input                - Registered new binding: Bottom - S
22:38:24.402 [JavaFX Application Thread] DEBUG FXGLAssetLoaderServi - Loading from file system: jar:file:///C:/Users/barto/.m2/repository/com/github/almasb/fxgl/17.1/fxgl-17.1.jar!/fxglassets/textures/fxgl_icon.png
22:38:24.433 [JavaFX Application Thread] DEBUG FXGLAssetLoaderServi - Loading from file system: jar:file:///C:/Users/barto/.m2/repository/com/github/almasb/fxgl/17.1/fxgl-17.1.jar!/fxglassets/textures/fxgl_default_cursor.png
22:38:24.436 [JavaFX Application Thread] DEBUG Input                - Registered new binding: Screenshot - CTRL+8
22:38:24.436 [JavaFX Application Thread] DEBUG Input                - Registered new binding: System info dump - CTRL+9
22:38:24.436 [JavaFX Application Thread] DEBUG Input                - Registered new binding: Restart - CTRL+R
22:38:24.437 [JavaFX Application Thread] DEBUG Input                - Registered new binding: Toggle Debug Camera - CTRL+7
22:38:24.438 [FXGL Background Thread 4 ] DEBUG FXGLAssetLoaderServi - Loading from file system: jar:file:///C:/Users/barto/.m2/repository/com/github/almasb/fxgl/17.1/fxgl-17.1.jar!/fxglassets/ui/fonts/Abel-Regular.ttf
22:38:24.439 [JavaFX Application Thread] DEBUG LoopRunner           - Starting loop
22:38:24.439 [JavaFX Application Thread] DEBUG LoopRunner           - Initializing ScheduledExecutorLoop with fps: 60
22:38:24.440 [JavaFX Application Thread] DEBUG GameApplicationServi - Starting new game
22:38:24.441 [JavaFX Application Thread] DEBUG Input                - Clearing active input actions
22:38:24.446 [FXGL Background Thread 4 ] DEBUG FXGLAssetLoaderServi - Loading from file system: jar:file:///C:/Users/barto/.m2/repository/com/github/almasb/fxgl/17.1/fxgl-17.1.jar!/fxglassets/ui/fonts/TerminalLandMono-Regular.otf
22:38:24.451 [JavaFX Application Thread] DEBUG GameApplicationServi - Removing overlay from FXGLStartupScene and adding to FXGLLoadingScene
22:38:24.451 [JavaFX Application Thread] DEBUG PrimaryStageWindow   - FXGLStartupScene -> FXGLLoadingScene
22:38:24.451 [JavaFX Application Thread] DEBUG GameApplicationServi - Clearing previous game
22:38:24.451 [JavaFX Application Thread] DEBUG GameScene            - Clearing game scene
22:38:24.451 [JavaFX Application Thread] DEBUG GameWorld            - Clearing game world
22:38:24.452 [JavaFX Application Thread] DEBUG PhysicsWorld         - Clearing physics world
22:38:24.453 [FXGL Background Thread 1 ] DEBUG FXGLApplication      - Initializing game
22:38:24.456 [FXGL Background Thread 4 ] DEBUG FXGLAssetLoaderServi - Loading from file system: jar:file:///C:/Users/barto/.m2/repository/com/github/almasb/fxgl/17.1/fxgl-17.1.jar!/fxglassets/ui/fonts/Courier-Prime.ttf
22:38:24.477 [JavaFX Application Thread] DEBUG FXGLApplication      - Registering font factories with UI factory
22:38:24.560 [FXGL Background Thread 1 ] DEBUG FXGLAssetLoaderServi - Loading from file system: file:/G:/Reszta/GameProject/target/classes/assets/textures/Player1/Texture.png
22:38:24.563 [FXGL Background Thread 1 ] DEBUG FXGLAssetLoaderServi - Loading from file system: file:/G:/Reszta/GameProject/target/classes/assets/textures/Player1/TextureMove.png
22:38:24.637 [FXGL Background Thread 1 ] DEBUG FXGLAssetLoaderServi - Loading from file system: file:/G:/Reszta/GameProject/target/classes/assets/textures/Terrain.png
22:38:24.727 [FXGL Background Thread 1 ] DEBUG FXGLAssetLoaderServi - Loading from file system: file:/G:/Reszta/GameProject/target/classes/assets/textures/Chest.png
22:38:24.782 [FXGL Background Thread 1 ] DEBUG FXGLAssetLoaderServi - Loading from file system: file:/G:/Reszta/GameProject/target/classes/assets/textures/Items/Item1Texture.png
22:38:24.783 [FXGL Background Thread 1 ] DEBUG FXGLAssetLoaderServi - Loading from file system: file:/G:/Reszta/GameProject/target/classes/assets/textures/Items/Item2Texture.png
22:38:24.785 [FXGL Background Thread 1 ] DEBUG FXGLAssetLoaderServi - Loading from file system: file:/G:/Reszta/GameProject/target/classes/assets/textures/Items/Item3Texture.png
22:38:24.802 [FXGL Background Thread 1 ] INFO  FXGLApplication      - Game initialization took: 0,349 sec
22:38:24.803 [JavaFX Application Thread] DEBUG Input                - Clearing active input actions
22:38:24.856 [JavaFX Application Thread] DEBUG GameApplicationServi - Removing overlay from FXGLLoadingScene and adding to GameScene
22:38:24.856 [JavaFX Application Thread] DEBUG PrimaryStageWindow   - FXGLLoadingScene -> GameScene
22:38:24.876 [JavaFX Application Thread] DEBUG FXGLAssetLoaderServi - Loading from file system: file:/G:/Reszta/GameProject/target/classes/assets/textures/Attack.png
22:38:25.082 [FXGL Background Thread 2 ] INFO  UpdaterService       - Your current version:  17.1
22:38:25.082 [FXGL Background Thread 2 ] INFO  UpdaterService       - Latest stable version: 17.2
22:38:27.377 [FXGL Background Thread 3 ] DEBUG Engine               - Logging environment variables
22:38:27.377 [FXGL Background Thread 3 ] DEBUG Engine               - achievements: []
22:38:27.377 [FXGL Background Thread 3 ] DEBUG Engine               - actualHeight: 1080.0
22:38:27.377 [FXGL Background Thread 3 ] DEBUG Engine               - actualHeightProperty: ReadOnlyDoubleProperty [value: 1080.0]
22:38:27.377 [FXGL Background Thread 3 ] DEBUG Engine               - actualWidth: 1920.0
22:38:27.377 [FXGL Background Thread 3 ] DEBUG Engine               - actualWidthProperty: ReadOnlyDoubleProperty [value: 1920.0]
22:38:27.377 [FXGL Background Thread 3 ] DEBUG Engine               - appIcon: fxgl_icon.png
22:38:27.377 [FXGL Background Thread 3 ] DEBUG Engine               - applicationMode: DEVELOPER
22:38:27.378 [FXGL Background Thread 3 ] DEBUG Engine               - cSSList: [fxgl_dark.css]
22:38:27.378 [FXGL Background Thread 3 ] DEBUG Engine               - collisionDetectionStrategy: BRUTE_FORCE
22:38:27.378 [FXGL Background Thread 3 ] DEBUG Engine               - configClass: Optional[class com.gameproject.config.GameConfig]
22:38:27.378 [FXGL Background Thread 3 ] DEBUG Engine               - credits: []
22:38:27.378 [FXGL Background Thread 3 ] DEBUG Engine               - defaultCursor: CursorInfo(imageName=fxgl_default_cursor.png, hotspotX=7.0, hotspotY=6.0)
22:38:27.378 [FXGL Background Thread 3 ] DEBUG Engine               - devBBoxColorProperty: ObjectProperty [value: 0xff0000ff]
22:38:27.378 [FXGL Background Thread 3 ] DEBUG Engine               - devEnableDebugCameraProperty: BooleanProperty [value: false]
22:38:27.378 [FXGL Background Thread 3 ] DEBUG Engine               - devSensorColorProperty: ObjectProperty [value: 0xffff00ff]
22:38:27.378 [FXGL Background Thread 3 ] DEBUG Engine               - devShowBBoxProperty: BooleanProperty [value: false]
22:38:27.378 [FXGL Background Thread 3 ] DEBUG Engine               - devShowPositionProperty: BooleanProperty [value: false]
22:38:27.378 [FXGL Background Thread 3 ] DEBUG Engine               - enabledMenuItems: []
22:38:27.378 [FXGL Background Thread 3 ] DEBUG Engine               - engineServices: [class com.almasb.fxgl.app.services.FXGLAssetLoaderService, class com.almasb.fxgl.app.FXGLApplication$GameApplicationService, class com.almasb.fxgl.app.services.FXGLDialogService, class com.almasb.fxgl.app.services.IOTaskExecutorService, class com.almasb.fxgl.io.FileSystemService, class com.almasb.fxgl.localization.LocalizationService, class com.almasb.fxgl.app.services.SystemBundleService, class com.almasb.fxgl.profile.SaveLoadService, class com.almasb.fxgl.ui.FXGLUIFactoryServiceProvider, class com.almasb.fxgl.ui.FXGLDialogFactoryServiceProvider, class com.almasb.fxgl.audio.AudioPlayer, class com.almasb.fxgl.notification.impl.NotificationServiceProvider, class com.almasb.fxgl.achievement.AchievementService, class com.almasb.fxgl.cutscene.CutsceneService, class com.almasb.fxgl.minigames.MiniGameService, class com.almasb.fxgl.net.NetService, class com.almasb.fxgl.app.services.UpdaterService, class com.almasb.fxgl.dev.DevService]
22:38:27.379 [FXGL Background Thread 3 ] DEBUG Engine               - fontGame: Abel-Regular.ttf
22:38:27.379 [FXGL Background Thread 3 ] DEBUG Engine               - fontMono: TerminalLandMono-Regular.otf
22:38:27.379 [FXGL Background Thread 3 ] DEBUG Engine               - fontText: Courier-Prime.ttf
22:38:27.379 [FXGL Background Thread 3 ] DEBUG Engine               - fontUI: VarelaRound-Regular.ttf
22:38:27.379 [FXGL Background Thread 3 ] DEBUG Engine               - fullScreen: BooleanProperty [value: true]
22:38:27.379 [FXGL Background Thread 3 ] DEBUG Engine               - gameDifficulty: MEDIUM
22:38:27.379 [FXGL Background Thread 3 ] DEBUG Engine               - gameDifficultyProperty: ObjectProperty [value: MEDIUM]
22:38:27.379 [FXGL Background Thread 3 ] DEBUG Engine               - globalMusicVolume: 0.5
22:38:27.379 [FXGL Background Thread 3 ] DEBUG Engine               - globalMusicVolumeProperty: DoubleProperty [value: 0.5]
22:38:27.379 [FXGL Background Thread 3 ] DEBUG Engine               - globalSoundVolume: 0.5
22:38:27.379 [FXGL Background Thread 3 ] DEBUG Engine               - globalSoundVolumeProperty: DoubleProperty [value: 0.5]
22:38:27.379 [FXGL Background Thread 3 ] DEBUG Engine               - height: 1080
22:38:27.379 [FXGL Background Thread 3 ] DEBUG Engine               - is3D: false
22:38:27.379 [FXGL Background Thread 3 ] DEBUG Engine               - isAndroid: false
22:38:27.379 [FXGL Background Thread 3 ] DEBUG Engine               - isBrowser: false
22:38:27.379 [FXGL Background Thread 3 ] DEBUG Engine               - isClickFeedbackEnabled: false
22:38:27.379 [FXGL Background Thread 3 ] DEBUG Engine               - isCloseConfirmation: false
22:38:27.379 [FXGL Background Thread 3 ] DEBUG Engine               - isDesktop: true
22:38:27.379 [FXGL Background Thread 3 ] DEBUG Engine               - isDeveloperMenuEnabled: false
22:38:27.380 [FXGL Background Thread 3 ] DEBUG Engine               - isEmbedded: false
22:38:27.380 [FXGL Background Thread 3 ] DEBUG Engine               - isEntityPreloadEnabled: true
22:38:27.380 [FXGL Background Thread 3 ] DEBUG Engine               - isExperimentalTiledLargeMap: false
22:38:27.380 [FXGL Background Thread 3 ] DEBUG Engine               - isFileSystemWriteAllowed: true
22:38:27.380 [FXGL Background Thread 3 ] DEBUG Engine               - isFullScreenAllowed: true
22:38:27.380 [FXGL Background Thread 3 ] DEBUG Engine               - isFullScreenFromStart: true
22:38:27.380 [FXGL Background Thread 3 ] DEBUG Engine               - isGameMenuEnabled: true
22:38:27.380 [FXGL Background Thread 3 ] DEBUG Engine               - isIOS: false
22:38:27.380 [FXGL Background Thread 3 ] DEBUG Engine               - isIntroEnabled: false
22:38:27.380 [FXGL Background Thread 3 ] DEBUG Engine               - isLinux: false
22:38:27.380 [FXGL Background Thread 3 ] DEBUG Engine               - isMac: false
22:38:27.380 [FXGL Background Thread 3 ] DEBUG Engine               - isMainMenuEnabled: false
22:38:27.380 [FXGL Background Thread 3 ] DEBUG Engine               - isManualResizeEnabled: false
22:38:27.380 [FXGL Background Thread 3 ] DEBUG Engine               - isMobile: false
22:38:27.380 [FXGL Background Thread 3 ] DEBUG Engine               - isNative: false
22:38:27.380 [FXGL Background Thread 3 ] DEBUG Engine               - isPauseMusicWhenMinimized: true
22:38:27.380 [FXGL Background Thread 3 ] DEBUG Engine               - isPreserveResizeRatio: false
22:38:27.380 [FXGL Background Thread 3 ] DEBUG Engine               - isProfilingEnabled: false
22:38:27.380 [FXGL Background Thread 3 ] DEBUG Engine               - isScaleAffectedOnResize: true
22:38:27.380 [FXGL Background Thread 3 ] DEBUG Engine               - isSingleStep: false
22:38:27.380 [FXGL Background Thread 3 ] DEBUG Engine               - isUserProfileEnabled: false
22:38:27.381 [FXGL Background Thread 3 ] DEBUG Engine               - isWindows: true
22:38:27.381 [FXGL Background Thread 3 ] DEBUG Engine               - language: ObjectProperty [value: ENGLISH]
22:38:27.381 [FXGL Background Thread 3 ] DEBUG Engine               - menuKey: ESCAPE
22:38:27.381 [FXGL Background Thread 3 ] DEBUG Engine               - mouseSensitivity: 0.2
22:38:27.381 [FXGL Background Thread 3 ] DEBUG Engine               - notificationViewClass: class com.almasb.fxgl.notification.view.XboxNotificationView
22:38:27.381 [FXGL Background Thread 3 ] DEBUG Engine               - pixelsPerMeter: 50.0
22:38:27.381 [FXGL Background Thread 3 ] DEBUG Engine               - platform: WINDOWS
22:38:27.381 [FXGL Background Thread 3 ] DEBUG Engine               - prefHeightProperty: ReadOnlyDoubleProperty [value: 1080.0]
22:38:27.381 [FXGL Background Thread 3 ] DEBUG Engine               - prefWidthProperty: ReadOnlyDoubleProperty [value: 1920.0]
22:38:27.381 [FXGL Background Thread 3 ] DEBUG Engine               - profileDir: profiles/
22:38:27.381 [FXGL Background Thread 3 ] DEBUG Engine               - profileName: StringProperty [value: DEFAULT]
22:38:27.381 [FXGL Background Thread 3 ] DEBUG Engine               - randomSeed: -1
22:38:27.382 [FXGL Background Thread 3 ] DEBUG Engine               - runtimeInfo: RuntimeInfo(platform=WINDOWS, version=17.1, build=24.03.2022 17.34)
22:38:27.382 [FXGL Background Thread 3 ] DEBUG Engine               - saveFileExt: sav
22:38:27.382 [FXGL Background Thread 3 ] DEBUG Engine               - scaledHeightProp$fxgl: DoubleProperty [bound, value: 1080.0]
22:38:27.382 [FXGL Background Thread 3 ] DEBUG Engine               - scaledWidthProp$fxgl: DoubleProperty [bound, value: 1920.0]
22:38:27.382 [FXGL Background Thread 3 ] DEBUG Engine               - sceneFactory: com.almasb.fxgl.app.scene.SceneFactory@410d981d
22:38:27.382 [FXGL Background Thread 3 ] DEBUG Engine               - secondsIn24h: 60
22:38:27.382 [FXGL Background Thread 3 ] DEBUG Engine               - soundMenuBack: menu/back.wav
22:38:27.382 [FXGL Background Thread 3 ] DEBUG Engine               - soundMenuPress: menu/press.wav
22:38:27.382 [FXGL Background Thread 3 ] DEBUG Engine               - soundMenuSelect: menu/select.wav
22:38:27.382 [FXGL Background Thread 3 ] DEBUG Engine               - soundNotification: core/notification.wav
22:38:27.382 [FXGL Background Thread 3 ] DEBUG Engine               - stageStyle: DECORATED
22:38:27.382 [FXGL Background Thread 3 ] DEBUG Engine               - supportedLanguages: [ENGLISH, FRENCH, GERMAN, HUNGARIAN, RUSSIAN]
22:38:27.383 [FXGL Background Thread 3 ] DEBUG Engine               - ticksPerSecond: 60
22:38:27.383 [FXGL Background Thread 3 ] DEBUG Engine               - title: GameProject
22:38:27.383 [FXGL Background Thread 3 ] DEBUG Engine               - urlGithub: https://github.com/AlmasB/FXGL
22:38:27.383 [FXGL Background Thread 3 ] DEBUG Engine               - urlLeaderboard: http://fxgl-top.herokuapp.com/
22:38:27.383 [FXGL Background Thread 3 ] DEBUG Engine               - urlPOM: https://raw.githubusercontent.com/AlmasB/FXGL/release/README.md
22:38:27.383 [FXGL Background Thread 3 ] DEBUG Engine               - userAppClass: class com.gameproject.Main
22:38:27.383 [FXGL Background Thread 3 ] DEBUG Engine               - version: Alfa 0.8
22:38:27.383 [FXGL Background Thread 3 ] DEBUG Engine               - versionCheckDays: 7
22:38:27.383 [FXGL Background Thread 3 ] DEBUG Engine               - width: 1920
22:38:27.383 [FXGL Background Thread 3 ] DEBUG Engine               - Logging services
22:38:27.383 [FXGL Background Thread 3 ] DEBUG Engine               - class com.almasb.fxgl.app.services.FXGLAssetLoaderService
22:38:27.383 [FXGL Background Thread 3 ] DEBUG Engine               - class com.almasb.fxgl.app.FXGLApplication$GameApplicationService
22:38:27.383 [FXGL Background Thread 3 ] DEBUG Engine               - class com.almasb.fxgl.app.services.FXGLDialogService
22:38:27.383 [FXGL Background Thread 3 ] DEBUG Engine               - class com.almasb.fxgl.app.services.IOTaskExecutorService
22:38:27.384 [FXGL Background Thread 3 ] DEBUG Engine               - class com.almasb.fxgl.io.FileSystemService
22:38:27.384 [FXGL Background Thread 3 ] DEBUG Engine               - class com.almasb.fxgl.localization.LocalizationService
22:38:27.384 [FXGL Background Thread 3 ] DEBUG Engine               - class com.almasb.fxgl.app.services.SystemBundleService
22:38:27.384 [FXGL Background Thread 3 ] DEBUG Engine               - class com.almasb.fxgl.profile.SaveLoadService
22:38:27.384 [FXGL Background Thread 3 ] DEBUG Engine               - class com.almasb.fxgl.ui.FXGLUIFactoryServiceProvider
22:38:27.384 [FXGL Background Thread 3 ] DEBUG Engine               - class com.almasb.fxgl.ui.FXGLDialogFactoryServiceProvider
22:38:27.384 [FXGL Background Thread 3 ] DEBUG Engine               - class com.almasb.fxgl.audio.AudioPlayer
22:38:27.384 [FXGL Background Thread 3 ] DEBUG Engine               - class com.almasb.fxgl.notification.impl.NotificationServiceProvider
22:38:27.384 [FXGL Background Thread 3 ] DEBUG Engine               - class com.almasb.fxgl.achievement.AchievementService
22:38:27.384 [FXGL Background Thread 3 ] DEBUG Engine               - class com.almasb.fxgl.cutscene.CutsceneService
22:38:27.384 [FXGL Background Thread 3 ] DEBUG Engine               - class com.almasb.fxgl.minigames.MiniGameService
22:38:27.384 [FXGL Background Thread 3 ] DEBUG Engine               - class com.almasb.fxgl.net.NetService
22:38:27.384 [FXGL Background Thread 3 ] DEBUG Engine               - class com.almasb.fxgl.app.services.UpdaterService
22:38:27.384 [FXGL Background Thread 3 ] DEBUG Engine               - class com.almasb.fxgl.dev.DevService
22:38:29.832 [JavaFX Application Thread] DEBUG FXGLAssetLoaderServi - Loading from file system: file:/G:/Reszta/GameProject/target/classes/assets/textures/Enemy.png
22:41:00.691 [JavaFX Application Thread] DEBUG PrimaryStageWindow   - Push state: FXGLDefaultMenu
22:41:00.693 [JavaFX Application Thread] DEBUG Input                - Clearing active input actions
22:41:00.694 [JavaFX Application Thread] DEBUG GameApplicationServi - Removing overlay from GameScene and adding to FXGLDefaultMenu
22:41:00.694 [JavaFX Application Thread] DEBUG PrimaryStageWindow   - GameScene -> FXGLDefaultMenu
22:41:02.264 [JavaFX Application Thread] DEBUG PrimaryStageWindow   - Pop state: FXGLDefaultMenu
22:41:02.264 [JavaFX Application Thread] DEBUG Input                - Clearing active input actions
22:41:02.264 [JavaFX Application Thread] DEBUG GameApplicationServi - Removing overlay from FXGLDefaultMenu and adding to GameScene
22:41:02.264 [JavaFX Application Thread] DEBUG PrimaryStageWindow   - GameScene <- FXGLDefaultMenu
22:42:01.839 [JavaFX Application Thread] DEBUG PrimaryStageWindow   - Push state: FXGLDefaultMenu
22:42:01.839 [JavaFX Application Thread] DEBUG Input                - Clearing active input actions
22:42:01.840 [JavaFX Application Thread] DEBUG GameApplicationServi - Removing overlay from GameScene and adding to FXGLDefaultMenu
22:42:01.840 [JavaFX Application Thread] DEBUG PrimaryStageWindow   - GameScene -> FXGLDefaultMenu
22:42:04.616 [JavaFX Application Thread] DEBUG FXGL.DefaultMenu     - createContentGameplay()
22:42:06.182 [JavaFX Application Thread] DEBUG FXGL.DefaultMenu     - createContentControls()
22:42:09.059 [JavaFX Application Thread] DEBUG FXGL.DefaultMenu     - createContentVideo()
22:42:15.163 [JavaFX Application Thread] DEBUG PrimaryStageWindow   - Push state: DialogSubScene
22:42:15.163 [JavaFX Application Thread] DEBUG Input                - Clearing active input actions
22:42:15.164 [JavaFX Application Thread] DEBUG GameApplicationServi - Removing overlay from FXGLDefaultMenu and adding to DialogSubScene
22:42:15.164 [JavaFX Application Thread] DEBUG PrimaryStageWindow   - FXGLDefaultMenu -> DialogSubScene
22:42:16.638 [JavaFX Application Thread] DEBUG PrimaryStageWindow   - Pop state: DialogSubScene
22:42:16.639 [JavaFX Application Thread] DEBUG Input                - Clearing active input actions
22:42:16.639 [JavaFX Application Thread] DEBUG GameApplicationServi - Removing overlay from DialogSubScene and adding to FXGLDefaultMenu
22:42:16.639 [JavaFX Application Thread] DEBUG PrimaryStageWindow   - FXGLDefaultMenu <- DialogSubScene
22:42:16.639 [JavaFX Application Thread] DEBUG Menu                 - restoreDefaultSettings()
22:42:19.642 [JavaFX Application Thread] DEBUG Menu                 - fireExit()
22:42:19.643 [JavaFX Application Thread] DEBUG PrimaryStageWindow   - Push state: DialogSubScene
22:42:19.643 [JavaFX Application Thread] DEBUG Input                - Clearing active input actions
22:42:19.643 [JavaFX Application Thread] DEBUG GameApplicationServi - Removing overlay from FXGLDefaultMenu and adding to DialogSubScene
22:42:19.643 [JavaFX Application Thread] DEBUG PrimaryStageWindow   - FXGLDefaultMenu -> DialogSubScene
22:42:20.609 [JavaFX Application Thread] DEBUG PrimaryStageWindow   - Pop state: DialogSubScene
22:42:20.609 [JavaFX Application Thread] DEBUG Input                - Clearing active input actions
22:42:20.609 [JavaFX Application Thread] DEBUG GameApplicationServi - Removing overlay from DialogSubScene and adding to FXGLDefaultMenu
22:42:20.609 [JavaFX Application Thread] DEBUG PrimaryStageWindow   - FXGLDefaultMenu <- DialogSubScene
22:42:20.610 [JavaFX Application Thread] DEBUG FXGLApplication      - Exiting FXGL
22:42:20.610 [JavaFX Application Thread] DEBUG LoopRunner           - Stopping loop
22:42:20.610 [JavaFX Application Thread] DEBUG SystemBundleService  - Saving FXGL system data
22:42:20.623 [JavaFX Application Thread] DEBUG FileSystemAccess     - Writing to: G:\Reszta\GameProject\system\fxgl.bundle
22:42:20.646 [JavaFX Application Thread] DEBUG Async                - Shutting down background threads
22:42:20.646 [JavaFX Application Thread] DEBUG PrimaryStageWindow   - Closing main window
22:42:20.661 [JavaFX Application Thread] DEBUG Logger               - Closing Logger
