11:38:31.511 [main                     ] DEBUG Logger               - Configured Logger
11:38:31.533 [main                     ] DEBUG GameApplication      - Logging settings
Title: GameProject
Version: Alfa 0.8
Width: 1920
Height: 1080
Fullscreen: true
Intro: false
Profiling: false
Single step:false
App Mode: DEVELOPER
Menu Key: ESCAPE
Stage Style: DECORATED
Scene Factory: class com.gameproject.factories.MenuFactory

11:38:31.776 [JavaFX Application Thread] DEBUG FXGLApplication      - Initializing FXGL
11:38:31.781 [JavaFX Application Thread] INFO  Engine               - FXGL-17 (31.12.2021 18.16) on WINDOWS (J:18.0.1.1 FX:18-ea)
11:38:31.781 [JavaFX Application Thread] DEBUG Engine               - JRE Vendor Name: Oracle Corporation
11:38:31.782 [JavaFX Application Thread] DEBUG Engine               - Running on OS: Windows 11 version 10.0
11:38:31.782 [JavaFX Application Thread] DEBUG Engine               - Architecture: amd64
11:38:31.782 [JavaFX Application Thread] INFO  Engine               - Source code and latest versions at: https://github.com/AlmasB/FXGL
11:38:31.782 [JavaFX Application Thread] INFO  Engine               -       Ask questions and discuss at: https://github.com/AlmasB/FXGL/discussions
11:38:31.782 [JavaFX Application Thread] INFO  Engine               -              Join the FXGL chat at: https://gitter.im/AlmasB/FXGL
11:38:31.842 [JavaFX Application Thread] DEBUG PrimaryStageWindow   - Creating a JavaFX scene
11:38:31.875 [JavaFX Application Thread] DEBUG PrimaryStageWindow   - Target settings size: 1920.0 x 1080.0
11:38:31.876 [JavaFX Application Thread] DEBUG PrimaryStageWindow   - Scaled scene size:    1920.0 x 1080.0
11:38:31.876 [JavaFX Application Thread] DEBUG PrimaryStageWindow   - Scaled ratio: (1.0, 1.0)
11:38:31.877 [JavaFX Application Thread] DEBUG PrimaryStageWindow   - Set initial scene to FXGLStartupScene
11:38:31.884 [JavaFX Application Thread] DEBUG PrimaryStageWindow   - Opening main window
11:38:31.942 [JavaFX Application Thread] DEBUG PrimaryStageWindow   - Window border size: (16.0, 39.0)
11:38:31.943 [JavaFX Application Thread] DEBUG PrimaryStageWindow   - Scaled size: 1920.0 x 1080.0
11:38:31.943 [JavaFX Application Thread] DEBUG PrimaryStageWindow   - Scaled ratio: (1.0, 1.0)
11:38:31.943 [JavaFX Application Thread] DEBUG PrimaryStageWindow   - Scene size: 1920.0 x 1080.0
11:38:31.943 [JavaFX Application Thread] DEBUG PrimaryStageWindow   - Stage size: 1936.0 x 1119.0
11:38:32.007 [JavaFX Application Thread] DEBUG PrimaryStageWindow   - Going fullscreen
11:38:32.012 [FXGL Background Thread 1 ] DEBUG Engine               - Initializing environment variables
11:38:32.045 [FXGL Background Thread 1 ] DEBUG FXGLAssetLoaderServi - User app class for loading assets: class com.gameproject.Main
11:38:32.045 [FXGL Background Thread 1 ] DEBUG GameApplicationServi - Applying CSS: fxgl_dark.css
11:38:32.046 [FXGL Background Thread 1 ] DEBUG FXGLAssetLoaderServi - Loading from file system: jar:file:///C:/Users/barto/.m2/repository/com/github/almasb/fxgl/17/fxgl-17.jar!/fxglassets/ui/css/fxgl_dark.css
11:38:32.075 [FXGL Background Thread 1 ] DEBUG GameApplicationServi - Initializing application scenes
11:38:32.099 [FXGL Background Thread 1 ] DEBUG GameWorld            - Game world initialized
11:38:32.144 [FXGL Background Thread 1 ] DEBUG PhysicsWorld         - Physics world initialized: appHeight=1080, physics.ppm=50,0
11:38:32.144 [FXGL Background Thread 1 ] DEBUG PhysicsWorld         - Using strategy: BRUTE_FORCE
11:38:32.147 [FXGL Background Thread 1 ] DEBUG GameScene            - Game scene initialized: 1920x1080
11:38:32.148 [FXGL Background Thread 1 ] DEBUG GameApplicationServi - Application scenes initialized
11:38:32.160 [FXGL Background Thread 1 ] DEBUG SystemBundleService  - Loading FXGL system data
11:38:32.163 [FXGL Background Thread 1 ] DEBUG FileSystemAccess     - Reading from: C:\Users\barto\IdeaProjects\IntroductionToFXGL-main\GameProject\system\fxgl.bundle
11:38:32.169 [FXGL Background Thread 1 ] DEBUG SystemBundleService  - Bundle FXGL: {}
11:38:32.169 [FXGL Background Thread 1 ] DEBUG UpdaterService       - Checking for updates
11:38:32.173 [FXGL Background Thread 4 ] DEBUG FXGLApplication      - Loading fonts
11:38:32.173 [FXGL Background Thread 1 ] DEBUG FXGLApplication      - Loading default localization
11:38:32.173 [FXGL Background Thread 4 ] DEBUG FXGLAssetLoaderServi - Loading from file system: jar:file:///C:/Users/barto/.m2/repository/com/github/almasb/fxgl/17/fxgl-17.jar!/fxglassets/ui/fonts/VarelaRound-Regular.ttf
11:38:32.173 [FXGL Background Thread 1 ] DEBUG FXGLAssetLoaderServi - Loading from file system: jar:file:///C:/Users/barto/.m2/repository/com/github/almasb/fxgl/17/fxgl-17.jar!/fxglassets/languages/english.lang
11:38:32.183 [FXGL Background Thread 1 ] INFO  FXGLApplication      - FXGL initialization took: 0,171 sec
11:38:32.192 [JavaFX Application Thread] DEBUG Input                - Registered new binding: Left - A
11:38:32.192 [JavaFX Application Thread] DEBUG Input                - Registered new binding: Right - D
11:38:32.193 [JavaFX Application Thread] DEBUG Input                - Registered new binding: Top - W
11:38:32.193 [JavaFX Application Thread] DEBUG Input                - Registered new binding: Bottom - S
11:38:32.193 [JavaFX Application Thread] DEBUG FXGLAssetLoaderServi - Loading from file system: jar:file:///C:/Users/barto/.m2/repository/com/github/almasb/fxgl/17/fxgl-17.jar!/fxglassets/textures/fxgl_icon.png
11:38:32.225 [FXGL Background Thread 4 ] DEBUG FXGLAssetLoaderServi - Loading from file system: jar:file:///C:/Users/barto/.m2/repository/com/github/almasb/fxgl/17/fxgl-17.jar!/fxglassets/ui/fonts/Abel-Regular.ttf
11:38:32.229 [FXGL Background Thread 4 ] DEBUG FXGLAssetLoaderServi - Loading from file system: jar:file:///C:/Users/barto/.m2/repository/com/github/almasb/fxgl/17/fxgl-17.jar!/fxglassets/ui/fonts/TerminalLandMono-Regular.otf
11:38:32.229 [JavaFX Application Thread] DEBUG FXGLAssetLoaderServi - Loading from file system: jar:file:///C:/Users/barto/.m2/repository/com/github/almasb/fxgl/17/fxgl-17.jar!/fxglassets/textures/fxgl_default_cursor.png
11:38:32.231 [JavaFX Application Thread] DEBUG Input                - Registered new binding: Screenshot - CTRL+8
11:38:32.231 [FXGL Background Thread 4 ] DEBUG FXGLAssetLoaderServi - Loading from file system: jar:file:///C:/Users/barto/.m2/repository/com/github/almasb/fxgl/17/fxgl-17.jar!/fxglassets/ui/fonts/Courier-Prime.ttf
11:38:32.231 [JavaFX Application Thread] DEBUG Input                - Registered new binding: System info dump - CTRL+9
11:38:32.231 [JavaFX Application Thread] DEBUG Input                - Registered new binding: Restart - CTRL+R
11:38:32.232 [JavaFX Application Thread] DEBUG Input                - Registered new binding: Toggle Debug Camera - CTRL+7
11:38:32.233 [JavaFX Application Thread] DEBUG LoopRunner           - Starting loop
11:38:32.235 [JavaFX Application Thread] DEBUG LoopRunner           - Initializing ScheduledExecutorLoop with fps: 60
11:38:32.237 [JavaFX Application Thread] DEBUG GameApplicationServi - Starting new game
11:38:32.237 [JavaFX Application Thread] DEBUG Input                - Clearing active input actions
11:38:32.246 [JavaFX Application Thread] DEBUG GameApplicationServi - Removing overlay from FXGLStartupScene and adding to FXGLLoadingScene
11:38:32.246 [JavaFX Application Thread] DEBUG PrimaryStageWindow   - FXGLStartupScene -> FXGLLoadingScene
11:38:32.246 [JavaFX Application Thread] DEBUG GameApplicationServi - Clearing previous game
11:38:32.246 [JavaFX Application Thread] DEBUG GameScene            - Clearing game scene
11:38:32.246 [JavaFX Application Thread] DEBUG GameWorld            - Clearing game world
11:38:32.246 [JavaFX Application Thread] DEBUG PhysicsWorld         - Clearing physics world
11:38:32.248 [JavaFX Application Thread] DEBUG FXGLApplication      - Registering font factories with UI factory
11:38:32.248 [FXGL Background Thread 4 ] DEBUG FXGLApplication      - Initializing game
11:38:32.259 [FXGL Background Thread 4 ] DEBUG FXGLAssetLoaderServi - Loading from file system: file:/C:/Users/barto/IdeaProjects/IntroductionToFXGL-main/GameProject/target/classes/assets/textures/Player1/Texture.png
11:38:32.261 [FXGL Background Thread 4 ] DEBUG FXGLAssetLoaderServi - Loading from file system: file:/C:/Users/barto/IdeaProjects/IntroductionToFXGL-main/GameProject/target/classes/assets/textures/Player1/TextureMove.png
11:38:32.294 [FXGL Background Thread 4 ] DEBUG FXGLAssetLoaderServi - Loading from file system: file:/C:/Users/barto/IdeaProjects/IntroductionToFXGL-main/GameProject/target/classes/assets/textures/Terrain.png
11:38:32.444 [FXGL Background Thread 4 ] DEBUG FXGLAssetLoaderServi - Loading from file system: file:/C:/Users/barto/IdeaProjects/IntroductionToFXGL-main/GameProject/target/classes/assets/textures/Chest.png
11:38:32.448 [FXGL Background Thread 4 ] DEBUG FXGLAssetLoaderServi - Loading from file system: file:/C:/Users/barto/IdeaProjects/IntroductionToFXGL-main/GameProject/target/classes/assets/textures/Items/Item1Texture.png
11:38:32.449 [FXGL Background Thread 4 ] DEBUG FXGLAssetLoaderServi - Loading from file system: file:/C:/Users/barto/IdeaProjects/IntroductionToFXGL-main/GameProject/target/classes/assets/textures/Items/Item2Texture.png
11:38:32.450 [FXGL Background Thread 4 ] DEBUG FXGLAssetLoaderServi - Loading from file system: file:/C:/Users/barto/IdeaProjects/IntroductionToFXGL-main/GameProject/target/classes/assets/textures/Items/Item3Texture.png
11:38:32.465 [FXGL Background Thread 4 ] INFO  FXGLApplication      - Game initialization took: 0,218 sec
11:38:32.469 [JavaFX Application Thread] DEBUG Input                - Clearing active input actions
11:38:32.516 [JavaFX Application Thread] DEBUG GameApplicationServi - Removing overlay from FXGLLoadingScene and adding to GameScene
11:38:32.516 [JavaFX Application Thread] DEBUG PrimaryStageWindow   - FXGLLoadingScene -> GameScene
11:38:32.535 [FXGL Background Thread 2 ] INFO  UpdaterService       - Your current version:  17
11:38:32.535 [FXGL Background Thread 2 ] INFO  UpdaterService       - Latest stable version: 17.1
11:38:32.660 [JavaFX Application Thread] DEBUG FXGLAssetLoaderServi - Loading from file system: file:/C:/Users/barto/IdeaProjects/IntroductionToFXGL-main/GameProject/target/classes/assets/textures/Attack.png
11:38:35.172 [FXGL Background Thread 3 ] DEBUG Engine               - Logging environment variables
11:38:35.172 [FXGL Background Thread 3 ] DEBUG Engine               - achievements: []
11:38:35.173 [FXGL Background Thread 3 ] DEBUG Engine               - actualHeight: 1080.0
11:38:35.173 [FXGL Background Thread 3 ] DEBUG Engine               - actualHeightProperty: ReadOnlyDoubleProperty [value: 1080.0]
11:38:35.173 [FXGL Background Thread 3 ] DEBUG Engine               - actualWidth: 1920.0
11:38:35.173 [FXGL Background Thread 3 ] DEBUG Engine               - actualWidthProperty: ReadOnlyDoubleProperty [value: 1920.0]
11:38:35.173 [FXGL Background Thread 3 ] DEBUG Engine               - appIcon: fxgl_icon.png
11:38:35.173 [FXGL Background Thread 3 ] DEBUG Engine               - applicationMode: DEVELOPER
11:38:35.173 [FXGL Background Thread 3 ] DEBUG Engine               - cSSList: [fxgl_dark.css]
11:38:35.173 [FXGL Background Thread 3 ] DEBUG Engine               - collisionDetectionStrategy: BRUTE_FORCE
11:38:35.173 [FXGL Background Thread 3 ] DEBUG Engine               - configClass: Optional[class com.gameproject.config.GameConfig]
11:38:35.173 [FXGL Background Thread 3 ] DEBUG Engine               - credits: []
11:38:35.174 [FXGL Background Thread 3 ] DEBUG Engine               - defaultCursor: CursorInfo(imageName=fxgl_default_cursor.png, hotspotX=7.0, hotspotY=6.0)
11:38:35.175 [FXGL Background Thread 3 ] DEBUG Engine               - devBBoxColorProperty: ObjectProperty [value: 0xff0000ff]
11:38:35.175 [FXGL Background Thread 3 ] DEBUG Engine               - devEnableDebugCameraProperty: BooleanProperty [value: false]
11:38:35.175 [FXGL Background Thread 3 ] DEBUG Engine               - devSensorColorProperty: ObjectProperty [value: 0xffff00ff]
11:38:35.175 [FXGL Background Thread 3 ] DEBUG Engine               - devShowBBoxProperty: BooleanProperty [value: false]
11:38:35.175 [FXGL Background Thread 3 ] DEBUG Engine               - devShowPositionProperty: BooleanProperty [value: false]
11:38:35.175 [FXGL Background Thread 3 ] DEBUG Engine               - enabledMenuItems: []
11:38:35.175 [FXGL Background Thread 3 ] DEBUG Engine               - engineServices: [class com.almasb.fxgl.app.services.FXGLAssetLoaderService, class com.almasb.fxgl.app.FXGLApplication$GameApplicationService, class com.almasb.fxgl.app.services.FXGLDialogService, class com.almasb.fxgl.app.services.IOTaskExecutorService, class com.almasb.fxgl.io.FileSystemService, class com.almasb.fxgl.localization.LocalizationService, class com.almasb.fxgl.app.services.SystemBundleService, class com.almasb.fxgl.profile.SaveLoadService, class com.almasb.fxgl.ui.FXGLUIFactoryServiceProvider, class com.almasb.fxgl.ui.FXGLDialogFactoryServiceProvider, class com.almasb.fxgl.audio.AudioPlayer, class com.almasb.fxgl.notification.impl.NotificationServiceProvider, class com.almasb.fxgl.achievement.AchievementService, class com.almasb.fxgl.cutscene.CutsceneService, class com.almasb.fxgl.minigames.MiniGameService, class com.almasb.fxgl.net.NetService, class com.almasb.fxgl.app.services.UpdaterService, class com.almasb.fxgl.dev.DevService]
11:38:35.175 [FXGL Background Thread 3 ] DEBUG Engine               - fontGame: Abel-Regular.ttf
11:38:35.175 [FXGL Background Thread 3 ] DEBUG Engine               - fontMono: TerminalLandMono-Regular.otf
11:38:35.175 [FXGL Background Thread 3 ] DEBUG Engine               - fontText: Courier-Prime.ttf
11:38:35.175 [FXGL Background Thread 3 ] DEBUG Engine               - fontUI: VarelaRound-Regular.ttf
11:38:35.175 [FXGL Background Thread 3 ] DEBUG Engine               - fullScreen: BooleanProperty [value: true]
11:38:35.175 [FXGL Background Thread 3 ] DEBUG Engine               - gameDifficulty: MEDIUM
11:38:35.176 [FXGL Background Thread 3 ] DEBUG Engine               - gameDifficultyProperty: ObjectProperty [value: MEDIUM]
11:38:35.176 [FXGL Background Thread 3 ] DEBUG Engine               - globalMusicVolume: 0.5
11:38:35.176 [FXGL Background Thread 3 ] DEBUG Engine               - globalMusicVolumeProperty: DoubleProperty [value: 0.5]
11:38:35.176 [FXGL Background Thread 3 ] DEBUG Engine               - globalSoundVolume: 0.5
11:38:35.176 [FXGL Background Thread 3 ] DEBUG Engine               - globalSoundVolumeProperty: DoubleProperty [value: 0.5]
11:38:35.176 [FXGL Background Thread 3 ] DEBUG Engine               - height: 1080
11:38:35.176 [FXGL Background Thread 3 ] DEBUG Engine               - is3D: false
11:38:35.176 [FXGL Background Thread 3 ] DEBUG Engine               - isAndroid: false
11:38:35.176 [FXGL Background Thread 3 ] DEBUG Engine               - isBrowser: false
11:38:35.176 [FXGL Background Thread 3 ] DEBUG Engine               - isClickFeedbackEnabled: false
11:38:35.176 [FXGL Background Thread 3 ] DEBUG Engine               - isCloseConfirmation: false
11:38:35.176 [FXGL Background Thread 3 ] DEBUG Engine               - isDesktop: true
11:38:35.176 [FXGL Background Thread 3 ] DEBUG Engine               - isDeveloperMenuEnabled: false
11:38:35.176 [FXGL Background Thread 3 ] DEBUG Engine               - isEmbedded: false
11:38:35.176 [FXGL Background Thread 3 ] DEBUG Engine               - isEntityPreloadEnabled: true
11:38:35.177 [FXGL Background Thread 3 ] DEBUG Engine               - isExperimentalTiledLargeMap: false
11:38:35.177 [FXGL Background Thread 3 ] DEBUG Engine               - isFileSystemWriteAllowed: true
11:38:35.177 [FXGL Background Thread 3 ] DEBUG Engine               - isFullScreenAllowed: true
11:38:35.177 [FXGL Background Thread 3 ] DEBUG Engine               - isFullScreenFromStart: true
11:38:35.177 [FXGL Background Thread 3 ] DEBUG Engine               - isGameMenuEnabled: true
11:38:35.177 [FXGL Background Thread 3 ] DEBUG Engine               - isIOS: false
11:38:35.177 [FXGL Background Thread 3 ] DEBUG Engine               - isIntroEnabled: false
11:38:35.177 [FXGL Background Thread 3 ] DEBUG Engine               - isLinux: false
11:38:35.177 [FXGL Background Thread 3 ] DEBUG Engine               - isMac: false
11:38:35.177 [FXGL Background Thread 3 ] DEBUG Engine               - isMainMenuEnabled: false
11:38:35.177 [FXGL Background Thread 3 ] DEBUG Engine               - isManualResizeEnabled: false
11:38:35.177 [FXGL Background Thread 3 ] DEBUG Engine               - isMobile: false
11:38:35.177 [FXGL Background Thread 3 ] DEBUG Engine               - isNative: false
11:38:35.177 [FXGL Background Thread 3 ] DEBUG Engine               - isPauseMusicWhenMinimized: true
11:38:35.177 [FXGL Background Thread 3 ] DEBUG Engine               - isPreserveResizeRatio: false
11:38:35.177 [FXGL Background Thread 3 ] DEBUG Engine               - isProfilingEnabled: false
11:38:35.177 [FXGL Background Thread 3 ] DEBUG Engine               - isScaleAffectedOnResize: true
11:38:35.178 [FXGL Background Thread 3 ] DEBUG Engine               - isSingleStep: false
11:38:35.178 [FXGL Background Thread 3 ] DEBUG Engine               - isUserProfileEnabled: false
11:38:35.178 [FXGL Background Thread 3 ] DEBUG Engine               - isWindows: true
11:38:35.178 [FXGL Background Thread 3 ] DEBUG Engine               - language: ObjectProperty [value: ENGLISH]
11:38:35.178 [FXGL Background Thread 3 ] DEBUG Engine               - menuKey: ESCAPE
11:38:35.178 [FXGL Background Thread 3 ] DEBUG Engine               - mouseSensitivity: 0.2
11:38:35.178 [FXGL Background Thread 3 ] DEBUG Engine               - notificationViewClass: class com.almasb.fxgl.notification.view.XboxNotificationView
11:38:35.178 [FXGL Background Thread 3 ] DEBUG Engine               - pixelsPerMeter: 50.0
11:38:35.178 [FXGL Background Thread 3 ] DEBUG Engine               - platform: WINDOWS
11:38:35.178 [FXGL Background Thread 3 ] DEBUG Engine               - prefHeightProperty: ReadOnlyDoubleProperty [value: 1080.0]
11:38:35.178 [FXGL Background Thread 3 ] DEBUG Engine               - prefWidthProperty: ReadOnlyDoubleProperty [value: 1920.0]
11:38:35.178 [FXGL Background Thread 3 ] DEBUG Engine               - profileDir: profiles/
11:38:35.178 [FXGL Background Thread 3 ] DEBUG Engine               - profileName: StringProperty [value: DEFAULT]
11:38:35.178 [FXGL Background Thread 3 ] DEBUG Engine               - randomSeed: -1
11:38:35.179 [FXGL Background Thread 3 ] DEBUG Engine               - runtimeInfo: RuntimeInfo(platform=WINDOWS, version=17, build=31.12.2021 18.16)
11:38:35.180 [FXGL Background Thread 3 ] DEBUG Engine               - saveFileExt: sav
11:38:35.180 [FXGL Background Thread 3 ] DEBUG Engine               - scaledHeightProp$fxgl: DoubleProperty [bound, value: 1080.0]
11:38:35.180 [FXGL Background Thread 3 ] DEBUG Engine               - scaledWidthProp$fxgl: DoubleProperty [bound, value: 1920.0]
11:38:35.180 [FXGL Background Thread 3 ] DEBUG Engine               - sceneFactory: com.gameproject.factories.MenuFactory@60c8417
11:38:35.180 [FXGL Background Thread 3 ] DEBUG Engine               - secondsIn24h: 60
11:38:35.180 [FXGL Background Thread 3 ] DEBUG Engine               - soundMenuBack: menu/back.wav
11:38:35.180 [FXGL Background Thread 3 ] DEBUG Engine               - soundMenuPress: menu/press.wav
11:38:35.180 [FXGL Background Thread 3 ] DEBUG Engine               - soundMenuSelect: menu/select.wav
11:38:35.180 [FXGL Background Thread 3 ] DEBUG Engine               - soundNotification: core/notification.wav
11:38:35.180 [FXGL Background Thread 3 ] DEBUG Engine               - stageStyle: DECORATED
11:38:35.180 [FXGL Background Thread 3 ] DEBUG Engine               - supportedLanguages: [ENGLISH, FRENCH, GERMAN, HUNGARIAN, RUSSIAN]
11:38:35.180 [FXGL Background Thread 3 ] DEBUG Engine               - ticksPerSecond: 60
11:38:35.180 [FXGL Background Thread 3 ] DEBUG Engine               - title: GameProject
11:38:35.180 [FXGL Background Thread 3 ] DEBUG Engine               - urlGithub: https://github.com/AlmasB/FXGL
11:38:35.180 [FXGL Background Thread 3 ] DEBUG Engine               - urlLeaderboard: http://fxgl-top.herokuapp.com/
11:38:35.180 [FXGL Background Thread 3 ] DEBUG Engine               - urlPOM: https://raw.githubusercontent.com/AlmasB/FXGL/release/README.md
11:38:35.180 [FXGL Background Thread 3 ] DEBUG Engine               - userAppClass: class com.gameproject.Main
11:38:35.180 [FXGL Background Thread 3 ] DEBUG Engine               - version: Alfa 0.8
11:38:35.180 [FXGL Background Thread 3 ] DEBUG Engine               - versionCheckDays: 7
11:38:35.180 [FXGL Background Thread 3 ] DEBUG Engine               - width: 1920
11:38:35.180 [FXGL Background Thread 3 ] DEBUG Engine               - Logging services
11:38:35.181 [FXGL Background Thread 3 ] DEBUG Engine               - class com.almasb.fxgl.app.services.FXGLAssetLoaderService
11:38:35.181 [FXGL Background Thread 3 ] DEBUG Engine               - class com.almasb.fxgl.app.FXGLApplication$GameApplicationService
11:38:35.181 [FXGL Background Thread 3 ] DEBUG Engine               - class com.almasb.fxgl.app.services.FXGLDialogService
11:38:35.181 [FXGL Background Thread 3 ] DEBUG Engine               - class com.almasb.fxgl.app.services.IOTaskExecutorService
11:38:35.181 [FXGL Background Thread 3 ] DEBUG Engine               - class com.almasb.fxgl.io.FileSystemService
11:38:35.181 [FXGL Background Thread 3 ] DEBUG Engine               - class com.almasb.fxgl.localization.LocalizationService
11:38:35.181 [FXGL Background Thread 3 ] DEBUG Engine               - class com.almasb.fxgl.app.services.SystemBundleService
11:38:35.181 [FXGL Background Thread 3 ] DEBUG Engine               - class com.almasb.fxgl.profile.SaveLoadService
11:38:35.181 [FXGL Background Thread 3 ] DEBUG Engine               - class com.almasb.fxgl.ui.FXGLUIFactoryServiceProvider
11:38:35.181 [FXGL Background Thread 3 ] DEBUG Engine               - class com.almasb.fxgl.ui.FXGLDialogFactoryServiceProvider
11:38:35.181 [FXGL Background Thread 3 ] DEBUG Engine               - class com.almasb.fxgl.audio.AudioPlayer
11:38:35.181 [FXGL Background Thread 3 ] DEBUG Engine               - class com.almasb.fxgl.notification.impl.NotificationServiceProvider
11:38:35.181 [FXGL Background Thread 3 ] DEBUG Engine               - class com.almasb.fxgl.achievement.AchievementService
11:38:35.181 [FXGL Background Thread 3 ] DEBUG Engine               - class com.almasb.fxgl.cutscene.CutsceneService
11:38:35.181 [FXGL Background Thread 3 ] DEBUG Engine               - class com.almasb.fxgl.minigames.MiniGameService
11:38:35.181 [FXGL Background Thread 3 ] DEBUG Engine               - class com.almasb.fxgl.net.NetService
11:38:35.181 [FXGL Background Thread 3 ] DEBUG Engine               - class com.almasb.fxgl.app.services.UpdaterService
11:38:35.181 [FXGL Background Thread 3 ] DEBUG Engine               - class com.almasb.fxgl.dev.DevService
11:38:37.490 [JavaFX Application Thread] DEBUG FXGLAssetLoaderServi - Loading from file system: file:/C:/Users/barto/IdeaProjects/IntroductionToFXGL-main/GameProject/target/classes/assets/textures/Enemy.png
11:38:56.549 [JavaFX Application Thread] DEBUG PrimaryStageWindow   - Push state: Menu
11:38:56.550 [JavaFX Application Thread] DEBUG Input                - Clearing active input actions
11:38:56.550 [JavaFX Application Thread] DEBUG GameApplicationServi - Removing overlay from GameScene and adding to Menu
11:38:56.550 [JavaFX Application Thread] DEBUG PrimaryStageWindow   - GameScene -> Menu
11:38:57.747 [JavaFX Application Thread] DEBUG PrimaryStageWindow   - Pop state: Menu
11:38:57.747 [JavaFX Application Thread] DEBUG Input                - Clearing active input actions
11:38:57.747 [JavaFX Application Thread] DEBUG GameApplicationServi - Removing overlay from Menu and adding to GameScene
11:38:57.747 [JavaFX Application Thread] DEBUG PrimaryStageWindow   - GameScene <- Menu
11:39:07.771 [JavaFX Application Thread] DEBUG FXGLApplication      - Exiting FXGL
11:39:07.771 [JavaFX Application Thread] DEBUG LoopRunner           - Stopping loop
11:39:07.771 [JavaFX Application Thread] DEBUG SystemBundleService  - Saving FXGL system data
11:39:07.773 [JavaFX Application Thread] DEBUG FileSystemAccess     - Writing to: C:\Users\barto\IdeaProjects\IntroductionToFXGL-main\GameProject\system\fxgl.bundle
11:39:07.775 [JavaFX Application Thread] DEBUG Async                - Shutting down background threads
11:39:07.775 [JavaFX Application Thread] DEBUG PrimaryStageWindow   - Closing main window
11:39:07.789 [JavaFX Application Thread] DEBUG Logger               - Closing Logger
